[1m=== Unit Tests ===[0m
============================= test session starts ==============================
platform darwin -- Python 3.11.14, pytest-9.0.2, pluggy-1.6.0 -- /Users/alex/Dev/synapse/.venv/bin/python3
cachedir: .pytest_cache
rootdir: /Users/alex/Dev/synapse
configfile: pytest.ini
plugins: anyio-4.12.1, cov-7.1.0, timeout-2.4.0
timeout: 10.0s
timeout method: thread
timeout func_only: False
collecting ... collected 1786 items

tests/unit/container/test_manager.py::test_shared_mode_creates_shared_container PASSED [  0%]
tests/unit/container/test_manager.py::test_shared_mode_reuses_running_container PASSED [  0%]
tests/unit/container/test_manager.py::test_shared_mode_custom_port PASSED [  0%]
tests/unit/container/test_manager.py::test_dedicated_mode_creates_project_container PASSED [  0%]
tests/unit/container/test_manager.py::test_dedicated_mode_persists_config PASSED [  0%]
tests/unit/container/test_manager.py::test_external_mode_connects_directly PASSED [  0%]
tests/unit/container/test_manager.py::test_dedicated_overrides_external PASSED [  0%]
tests/unit/container/test_manager.py::test_shared_mode_handles_name_conflict PASSED [  0%]
tests/unit/container/test_manager.py::test_stop_noop_for_shared_mode PASSED [  0%]
tests/unit/container/test_manager.py::test_stop_stops_dedicated_container PASSED [  0%]
tests/unit/container/test_manager.py::test_remove_dedicated_removes_container_and_config PASSED [  0%]
tests/unit/container/test_manager.py::test_remove_shared_only_deletes_config PASSED [  0%]
tests/unit/container/test_manager.py::test_docker_not_running_raises_on_get_connection PASSED [  0%]
tests/unit/container/test_manager.py::test_external_mode_no_docker_needed PASSED [  0%]
tests/unit/container/test_manager.py::test_docker_not_running_error_macos PASSED [  0%]
tests/unit/container/test_manager.py::test_docker_not_running_error_linux PASSED [  0%]
tests/unit/container/test_manager.py::test_wait_for_bolt_success PASSED  [  0%]
tests/unit/container/test_manager.py::test_wait_for_bolt_timeout PASSED  [  1%]
tests/unit/doctor/test_base.py::test_checkresult_has_required_fields PASSED [  1%]
tests/unit/doctor/test_base.py::test_checkresult_is_frozen PASSED        [  1%]
tests/unit/doctor/test_base.py::test_checkresult_fix_can_be_string PASSED [  1%]
tests/unit/doctor/test_base.py::test_checkstatus_valid_values PASSED     [  1%]
tests/unit/doctor/test_base.py::test_doctor_check_is_runtime_checkable PASSED [  1%]
tests/unit/doctor/test_base.py::test_incomplete_object_fails_protocol_check PASSED [  1%]
tests/unit/doctor/test_cli_doctor.py::test_doctor_exits_0_when_all_pass PASSED [  1%]
tests/unit/doctor/test_cli_doctor.py::test_doctor_exits_1_when_docker_fails PASSED [  1%]
tests/unit/doctor/test_cli_doctor.py::test_doctor_exits_0_when_warn_only PASSED [  1%]
tests/unit/doctor/test_cli_doctor.py::test_doctor_output_contains_check_name PASSED [  1%]
tests/unit/doctor/test_cli_doctor.py::test_doctor_output_contains_pass_status PASSED [  1%]
tests/unit/doctor/test_cli_doctor.py::test_doctor_output_contains_fail_status PASSED [  1%]
tests/unit/doctor/test_cli_doctor.py::test_doctor_output_contains_fix_for_failing_check PASSED [  1%]
tests/unit/doctor/test_cli_doctor.py::test_doctor_output_no_fix_for_passing_check PASSED [  1%]
tests/unit/doctor/test_cli_doctor.py::test_doctor_output_contains_group_header PASSED [  1%]
tests/unit/doctor/test_cli_doctor.py::test_doctor_output_contains_summary_line PASSED [  1%]
tests/unit/doctor/test_cli_doctor.py::test_doctor_runs_all_ten_checks PASSED [  1%]
tests/unit/doctor/test_csharp.py::test_dotnet_pass_when_list_runtimes_has_netcore_app PASSED [  2%]
tests/unit/doctor/test_csharp.py::test_dotnet_fail_when_not_on_path PASSED [  2%]
tests/unit/doctor/test_csharp.py::test_dotnet_fail_when_no_netcore_runtime PASSED [  2%]
tests/unit/doctor/test_csharp.py::test_dotnet_fail_when_list_runtimes_exits_nonzero PASSED [  2%]
tests/unit/doctor/test_csharp.py::test_dotnet_fail_when_timeout PASSED   [  2%]
tests/unit/doctor/test_csharp.py::test_dotnet_group_is_csharp PASSED     [  2%]
tests/unit/doctor/test_csharp.py::test_roslyn_pass_when_dll_found PASSED [  2%]
tests/unit/doctor/test_csharp.py::test_roslyn_warn_when_not_yet_downloaded PASSED [  2%]
tests/unit/doctor/test_csharp.py::test_roslyn_warn_when_dotnet_absent PASSED [  2%]
tests/unit/doctor/test_csharp.py::test_roslyn_warn_when_dotnet_exits_nonzero PASSED [  2%]
tests/unit/doctor/test_csharp.py::test_roslyn_group_is_csharp PASSED     [  2%]
tests/unit/doctor/test_docker_daemon.py::test_docker_daemon_pass_when_ping_succeeds PASSED [  2%]
tests/unit/doctor/test_docker_daemon.py::test_docker_daemon_fail_when_ping_raises PASSED [  2%]
tests/unit/doctor/test_docker_daemon.py::test_docker_daemon_fail_contains_exception_message PASSED [  2%]
tests/unit/doctor/test_docker_daemon.py::test_docker_daemon_fix_on_macos PASSED [  2%]
tests/unit/doctor/test_docker_daemon.py::test_docker_daemon_fix_on_linux PASSED [  2%]
tests/unit/doctor/test_docker_daemon.py::test_docker_daemon_pass_has_no_fix PASSED [  2%]
tests/unit/doctor/test_docker_daemon.py::test_docker_daemon_group_is_core PASSED [  2%]
tests/unit/doctor/test_fix_strings.py::test_docker_daemon_fix_platform_aware[Darwin-open -a Docker] PASSED [  3%]
tests/unit/doctor/test_fix_strings.py::test_docker_daemon_fix_platform_aware[Linux-sudo systemctl start docker] PASSED [  3%]
tests/unit/doctor/test_fix_strings.py::test_memgraph_fix_contains_docker_ps PASSED [  3%]
tests/unit/doctor/test_fix_strings.py::test_memgraph_fix_contains_docker_compose_up PASSED [  3%]
tests/unit/doctor/test_fix_strings.py::test_dotnet_fix_platform_aware[Darwin-brew install dotnet] PASSED [  3%]
tests/unit/doctor/test_fix_strings.py::test_dotnet_fix_platform_aware[Linux-sudo apt-get install dotnet-sdk] PASSED [  3%]
tests/unit/doctor/test_fix_strings.py::test_node_fix_platform_aware[Darwin-brew install node] PASSED [  3%]
tests/unit/doctor/test_fix_strings.py::test_node_fix_platform_aware[Linux-sudo apt-get install nodejs] PASSED [  3%]
tests/unit/doctor/test_fix_strings.py::test_typescript_ls_fix_platform_aware[Darwin-brew install node] PASSED [  3%]
tests/unit/doctor/test_fix_strings.py::test_typescript_ls_fix_platform_aware[Linux-sudo apt-get install npm] PASSED [  3%]
tests/unit/doctor/test_fix_strings.py::test_python_fix_platform_aware[Darwin-brew install python3] PASSED [  3%]
tests/unit/doctor/test_fix_strings.py::test_python_fix_platform_aware[Linux-sudo apt-get install python3] PASSED [  3%]
tests/unit/doctor/test_fix_strings.py::test_java_fix_platform_aware[Darwin-brew install --cask temurin] PASSED [  3%]
tests/unit/doctor/test_fix_strings.py::test_java_fix_platform_aware[Linux-sudo apt-get install default-jdk] PASSED [  3%]
tests/unit/doctor/test_fix_strings.py::test_jdtls_fix_platform_aware[Darwin-brew install jdtls] PASSED [  3%]
tests/unit/doctor/test_fix_strings.py::test_jdtls_fix_platform_aware[Linux-https://github.com/eclipse-jdtls/eclipse.jdt.ls] PASSED [  3%]
tests/unit/doctor/test_fix_strings.py::test_csharp_ls_fix_unchanged PASSED [  3%]
tests/unit/doctor/test_fix_strings.py::test_pylsp_fix_unchanged PASSED   [  3%]
tests/unit/doctor/test_java.py::test_java_pass_when_version_exits_zero PASSED [  4%]
tests/unit/doctor/test_java.py::test_java_fail_when_not_on_path PASSED   [  4%]
tests/unit/doctor/test_java.py::test_java_fail_when_version_exits_nonzero PASSED [  4%]
tests/unit/doctor/test_java.py::test_java_fail_when_timeout PASSED       [  4%]
tests/unit/doctor/test_java.py::test_java_group_is_java PASSED           [  4%]
tests/unit/doctor/test_java.py::test_java_pass_fix_is_none PASSED        [  4%]
tests/unit/doctor/test_java.py::test_jdtls_pass_when_launcher_jar_exists PASSED [  4%]
tests/unit/doctor/test_java.py::test_jdtls_fail_when_launcher_jar_missing PASSED [  4%]
tests/unit/doctor/test_java.py::test_jdtls_warn_when_java_absent PASSED  [  4%]
tests/unit/doctor/test_java.py::test_jdtls_group_is_java PASSED          [  4%]
tests/unit/doctor/test_java.py::test_jdtls_pass_fix_is_none PASSED       [  4%]
tests/unit/doctor/test_memgraph_bolt.py::test_memgraph_warns_when_docker_unavailable PASSED [  4%]
tests/unit/doctor/test_memgraph_bolt.py::test_memgraph_fail_when_bolt_handshake_receives_no_bytes PASSED [  4%]
tests/unit/doctor/test_memgraph_bolt.py::test_memgraph_fail_when_socket_raises_oserror PASSED [  4%]
tests/unit/doctor/test_memgraph_bolt.py::test_memgraph_pass_when_bolt_handshake_receives_4_bytes PASSED [  4%]
tests/unit/doctor/test_memgraph_bolt.py::test_memgraph_pass_has_no_fix PASSED [  4%]
tests/unit/doctor/test_memgraph_bolt.py::test_memgraph_warn_has_no_fix PASSED [  4%]
tests/unit/doctor/test_memgraph_bolt.py::test_memgraph_fail_has_fix PASSED [  4%]
tests/unit/doctor/test_memgraph_bolt.py::test_memgraph_group_is_core PASSED [  5%]
tests/unit/doctor/test_memgraph_bolt.py::test_bolt_check_uses_shared_port PASSED [  5%]
tests/unit/doctor/test_memgraph_bolt.py::test_bolt_check_uses_external_host PASSED [  5%]
tests/unit/doctor/test_python.py::test_python_pass_when_version_exits_zero PASSED [  5%]
tests/unit/doctor/test_python.py::test_python_fail_when_not_on_path PASSED [  5%]
tests/unit/doctor/test_python.py::test_python_fail_when_version_exits_nonzero PASSED [  5%]
tests/unit/doctor/test_python.py::test_python_fail_when_timeout PASSED   [  5%]
tests/unit/doctor/test_python.py::test_python_group_is_python PASSED     [  5%]
tests/unit/doctor/test_python.py::test_python_pass_fix_is_none PASSED    [  5%]
tests/unit/doctor/test_python.py::test_pyright_pass_when_importable PASSED [  5%]
tests/unit/doctor/test_python.py::test_pyright_fail_when_not_importable PASSED [  5%]
tests/unit/doctor/test_python.py::test_pyright_fail_when_executable_not_found PASSED [  5%]
tests/unit/doctor/test_python.py::test_pyright_fail_when_timeout PASSED  [  5%]
tests/unit/doctor/test_python.py::test_pyright_group_is_python PASSED    [  5%]
tests/unit/doctor/test_service.py::test_service_returns_all_results PASSED [  5%]
tests/unit/doctor/test_service.py::test_service_returns_doctor_report PASSED [  5%]
tests/unit/doctor/test_service.py::test_service_absorbs_exception PASSED [  5%]
tests/unit/doctor/test_service.py::test_service_absorbed_exception_detail_contains_message PASSED [  5%]
tests/unit/doctor/test_service.py::test_has_failures_true_on_fail PASSED [  6%]
tests/unit/doctor/test_service.py::test_has_failures_false_on_pass_only PASSED [  6%]
tests/unit/doctor/test_service.py::test_has_failures_false_on_warn_only PASSED [  6%]
tests/unit/doctor/test_service.py::test_empty_service_returns_empty_report PASSED [  6%]
tests/unit/doctor/test_typescript.py::test_node_pass_when_version_exits_zero PASSED [  6%]
tests/unit/doctor/test_typescript.py::test_node_fail_when_not_on_path PASSED [  6%]
tests/unit/doctor/test_typescript.py::test_node_fail_when_version_exits_nonzero PASSED [  6%]
tests/unit/doctor/test_typescript.py::test_node_fail_when_timeout PASSED [  6%]
tests/unit/doctor/test_typescript.py::test_node_group_is_typescript PASSED [  6%]
tests/unit/doctor/test_typescript.py::test_node_pass_fix_is_none PASSED  [  6%]
tests/unit/doctor/test_typescript.py::test_npm_pass_when_on_path PASSED  [  6%]
tests/unit/doctor/test_typescript.py::test_npm_fail_when_not_on_path PASSED [  6%]
tests/unit/doctor/test_typescript.py::test_npm_warn_when_node_absent PASSED [  6%]
tests/unit/doctor/test_typescript.py::test_npm_group_is_typescript PASSED [  6%]
tests/unit/graph/test_analysis.py::test_analyze_change_impact_aggregates PASSED [  6%]
tests/unit/graph/test_analysis.py::test_analyze_change_impact_deduplicates_total PASSED [  6%]
tests/unit/graph/test_analysis.py::test_analyze_change_impact_empty PASSED [  6%]
tests/unit/graph/test_analysis.py::test_find_interface_contract_returns_siblings PASSED [  6%]
tests/unit/graph/test_analysis.py::test_find_interface_contract_no_siblings PASSED [  7%]
tests/unit/graph/test_analysis.py::test_find_interface_contract_via_overrides_chain PASSED [  7%]
tests/unit/graph/test_analysis.py::test_find_interface_contract_no_interface PASSED [  7%]
tests/unit/graph/test_analysis.py::test_find_type_impact_categorizes PASSED [  7%]
tests/unit/graph/test_analysis.py::test_find_type_impact_empty PASSED    [  7%]
tests/unit/graph/test_analysis.py::test_find_type_impact_includes_interface_mediated_dependents PASSED [  7%]
tests/unit/graph/test_analysis.py::test_find_type_impact_no_interfaces_uses_direct_only PASSED [  7%]
tests/unit/graph/test_analysis.py::test_audit_layering_violations PASSED [  7%]
tests/unit/graph/test_analysis.py::test_audit_untested_services PASSED   [  7%]
tests/unit/graph/test_analysis.py::test_audit_invalid_rule_raises PASSED [  7%]
tests/unit/graph/test_analysis.py::test_audit_empty_results PASSED       [  7%]
tests/unit/graph/test_analysis.py::test_analyze_change_impact_direct_callers_excludes_tests PASSED [  7%]
tests/unit/graph/test_analysis.py::test_analyze_change_impact_direct_callers_uses_regex_not_substring PASSED [  7%]
tests/unit/graph/test_analysis.py::test_find_type_impact_uses_regex_not_substring PASSED [  7%]
tests/unit/graph/test_analysis.py::test_analyze_change_impact_transitive_includes_interface_dispatch PASSED [  7%]
tests/unit/graph/test_analysis.py::test_analyze_change_impact_direct_includes_interface_dispatch PASSED [  7%]
tests/unit/graph/test_analysis.py::test_analyze_change_impact_tests_includes_interface_dispatch PASSED [  7%]
tests/unit/graph/test_analysis.py::test_audit_architecture_violations_have_named_keys PASSED [  8%]
tests/unit/graph/test_analysis.py::test_analyze_change_impact_includes_direct_callees PASSED [  8%]
tests/unit/graph/test_analysis.py::test_analyze_change_impact_callees_not_in_total_affected PASSED [  8%]
tests/unit/graph/test_analysis.py::test_audit_untested_services_uses_regex_pattern PASSED [  8%]
tests/unit/graph/test_analysis.py::test_analyze_change_impact_tests_uses_regex_not_contains PASSED [  8%]
tests/unit/graph/test_analysis.py::test_analyze_change_impact_transitive_excludes_tests PASSED [  8%]
tests/unit/graph/test_connection.py::test_create_returns_graph_connection PASSED [  8%]
tests/unit/graph/test_connection.py::test_query_returns_records PASSED   [  8%]
tests/unit/graph/test_connection.py::test_execute_returns_none PASSED    [  8%]
tests/unit/graph/test_connection.py::test_execute_implicit_uses_session_run PASSED [  8%]
tests/unit/graph/test_connection.py::test_close_calls_driver_close PASSED [  8%]
tests/unit/graph/test_connection.py::test_dialect_stored_on_instance PASSED [  8%]
tests/unit/graph/test_connection.py::test_query_with_timeout_returns_records PASSED [  8%]
tests/unit/graph/test_connection.py::test_query_with_timeout_raises_timeout_error PASSED [  8%]
tests/unit/graph/test_connection.py::test_query_with_timeout_shuts_down_executor_with_wait_on_success PASSED [  8%]
tests/unit/graph/test_connection.py::test_query_with_timeout_shuts_down_executor_with_no_wait_on_timeout PASSED [  8%]
tests/unit/graph/test_connection.py::test_query_wraps_service_unavailable PASSED [  8%]
tests/unit/graph/test_connection.py::test_execute_wraps_service_unavailable PASSED [  8%]
tests/unit/graph/test_connection.py::test_execute_implicit_wraps_session_expired PASSED [  9%]
tests/unit/graph/test_connection.py::test_query_wraps_driver_error_base PASSED [  9%]
tests/unit/graph/test_edges.py::test_upsert_dir_contains_matches_both_nodes_by_path PASSED [  9%]
tests/unit/graph/test_edges.py::test_upsert_file_contains_symbol_matches_file_by_path PASSED [  9%]
tests/unit/graph/test_edges.py::test_upsert_contains_symbol_matches_both_by_full_name PASSED [  9%]
tests/unit/graph/test_edges.py::test_upsert_calls_uses_full_names PASSED [  9%]
tests/unit/graph/test_edges.py::test_upsert_implements_accepts_class_or_interface_label PASSED [  9%]
tests/unit/graph/test_edges.py::test_upsert_inherits_creates_edge PASSED [  9%]
tests/unit/graph/test_edges.py::test_upsert_overrides_creates_edge PASSED [  9%]
tests/unit/graph/test_edges.py::test_upsert_interface_inherits_creates_edge PASSED [  9%]
tests/unit/graph/test_edges.py::test_upsert_references_creates_edge_with_kind PASSED [  9%]
tests/unit/graph/test_edges.py::test_upsert_method_implements_writes_implements_edge PASSED [  9%]
tests/unit/graph/test_edges.py::test_upsert_method_implements_writes_dispatches_to_edge PASSED [  9%]
tests/unit/graph/test_edges.py::test_upsert_calls_with_line_col_sets_call_sites PASSED [  9%]
tests/unit/graph/test_edges.py::test_upsert_calls_without_line_col_uses_bare_merge PASSED [  9%]
tests/unit/graph/test_edges.py::test_upsert_calls_line_only_still_stores_call_site PASSED [  9%]
tests/unit/graph/test_edges.py::test_upsert_repo_contains_dir_matches_repo_by_path PASSED [  9%]
tests/unit/graph/test_edges_delete_outgoing.py::test_deletes_symbol_level_resolution_edges PASSED [  9%]
tests/unit/graph/test_edges_delete_outgoing.py::test_deletes_imports_from_file_node PASSED [ 10%]
tests/unit/graph/test_edges_delete_outgoing.py::test_does_not_delete_contains_edges PASSED [ 10%]
tests/unit/graph/test_edges_delete_outgoing.py::test_passes_file_path_to_both_queries PASSED [ 10%]
tests/unit/graph/test_http_graph_ops.py::test_upsert_endpoint_executes_merge PASSED [ 10%]
tests/unit/graph/test_http_graph_ops.py::test_upsert_serves_executes_merge PASSED [ 10%]
tests/unit/graph/test_http_graph_ops.py::test_upsert_http_calls_with_call_site PASSED [ 10%]
tests/unit/graph/test_http_graph_ops.py::test_batch_upsert_serves_skips_empty PASSED [ 10%]
tests/unit/graph/test_http_graph_ops.py::test_batch_upsert_http_calls_skips_empty PASSED [ 10%]
tests/unit/graph/test_http_graph_ops.py::test_batch_upsert_serves_executes_unwind PASSED [ 10%]
tests/unit/graph/test_http_graph_ops.py::test_batch_upsert_http_calls_executes_unwind PASSED [ 10%]
tests/unit/graph/test_http_graph_ops.py::test_delete_orphan_endpoints PASSED [ 10%]
tests/unit/graph/test_nodes.py::test_upsert_repository_calls_merge PASSED [ 10%]
tests/unit/graph/test_nodes.py::test_upsert_repository_uses_languages_list PASSED [ 10%]
tests/unit/graph/test_nodes.py::test_upsert_class_includes_kind PASSED   [ 10%]
tests/unit/graph/test_nodes.py::test_upsert_method_includes_flags PASSED [ 10%]
tests/unit/graph/test_nodes.py::test_delete_file_nodes_uses_file_path PASSED [ 10%]
tests/unit/graph/test_nodes.py::test_set_summary_adds_summarized_label PASSED [ 10%]
tests/unit/graph/test_nodes.py::test_remove_summary_strips_label_and_properties PASSED [ 10%]
tests/unit/graph/test_nodes.py::test_upsert_package_creates_package_node PASSED [ 11%]
tests/unit/graph/test_nodes.py::test_upsert_interface_creates_interface_node PASSED [ 11%]
tests/unit/graph/test_nodes.py::test_upsert_class_does_not_use_namespace_label PASSED [ 11%]
tests/unit/graph/test_nodes.py::test_upsert_method_includes_end_line PASSED [ 11%]
tests/unit/graph/test_nodes.py::test_upsert_class_includes_end_line PASSED [ 11%]
tests/unit/graph/test_nodes.py::test_upsert_interface_includes_end_line PASSED [ 11%]
tests/unit/graph/test_nodes.py::test_upsert_property_includes_end_line PASSED [ 11%]
tests/unit/graph/test_nodes.py::test_upsert_field_includes_end_line PASSED [ 11%]
tests/unit/graph/test_nodes.py::test_upsert_class_stores_file_path PASSED [ 11%]
tests/unit/graph/test_nodes.py::test_upsert_interface_stores_file_path PASSED [ 11%]
tests/unit/graph/test_nodes.py::test_upsert_method_stores_file_path PASSED [ 11%]
tests/unit/graph/test_nodes.py::test_upsert_repository_strips_trailing_slash PASSED [ 11%]
tests/unit/graph/test_nodes.py::test_upsert_repository_sets_name PASSED  [ 11%]
tests/unit/graph/test_nodes.py::test_upsert_repository_sets_name_after_strip PASSED [ 11%]
tests/unit/graph/test_nodes.py::test_upsert_interface_sets_kind_property PASSED [ 11%]
tests/unit/graph/test_nodes.py::test_collect_summaries_queries_summarized_nodes_under_file PASSED [ 11%]
tests/unit/graph/test_nodes.py::test_restore_summaries_reapplies_label_and_properties PASSED [ 11%]
tests/unit/graph/test_nodes.py::test_restore_summaries_skips_empty_list PASSED [ 11%]
tests/unit/graph/test_nodes.py::test_set_attributes_stores_json_list PASSED [ 12%]
tests/unit/graph/test_nodes.py::test_set_attributes_empty_list PASSED    [ 12%]
tests/unit/graph/test_nodes.py::test_set_attributes_uses_match_not_merge PASSED [ 12%]
tests/unit/graph/test_nodes.py::test_upsert_class_language_param_sets_node_language PASSED [ 12%]
tests/unit/graph/test_nodes.py::test_upsert_method_language_param_sets_node_language PASSED [ 12%]
tests/unit/graph/test_nodes.py::test_upsert_property_language_param_sets_node_language PASSED [ 12%]
tests/unit/graph/test_nodes.py::test_upsert_field_language_param_sets_node_language PASSED [ 12%]
tests/unit/graph/test_nodes.py::test_upsert_interface_language_param_sets_node_language PASSED [ 12%]
tests/unit/graph/test_nodes.py::test_upsert_functions_default_language_to_empty_string PASSED [ 12%]
tests/unit/graph/test_nodes.py::test_set_metadata_flags_writes_whitelisted_flags PASSED [ 12%]
tests/unit/graph/test_nodes.py::test_set_metadata_flags_ignores_non_whitelisted_keys PASSED [ 12%]
tests/unit/graph/test_nodes.py::test_set_metadata_flags_noop_on_empty_dict PASSED [ 12%]
tests/unit/graph/test_nodes.py::test_set_metadata_flags_noop_when_all_keys_non_whitelisted PASSED [ 12%]
tests/unit/graph/test_nodes.py::test_set_metadata_flags_classmethod_and_async PASSED [ 12%]
tests/unit/graph/test_nodes.py::test_upsert_method_accepts_is_classmethod_and_is_async PASSED [ 12%]
tests/unit/graph/test_nodes.py::test_upsert_method_defaults_is_classmethod_and_is_async_to_false PASSED [ 12%]
tests/unit/graph/test_nodes.py::test_index_symbol_accepts_is_classmethod_and_is_async PASSED [ 12%]
tests/unit/graph/test_nodes.py::test_index_symbol_defaults_is_classmethod_and_is_async_to_false PASSED [ 12%]
tests/unit/graph/test_nodes_commit_rename.py::TestSetLastIndexedCommit::test_executes_match_set_with_sha PASSED [ 13%]
tests/unit/graph/test_nodes_commit_rename.py::TestGetLastIndexedCommit::test_returns_sha_when_present PASSED [ 13%]
tests/unit/graph/test_nodes_commit_rename.py::TestGetLastIndexedCommit::test_returns_none_when_no_rows PASSED [ 13%]
tests/unit/graph/test_nodes_commit_rename.py::TestGetLastIndexedCommit::test_returns_none_when_sha_is_none PASSED [ 13%]
tests/unit/graph/test_nodes_commit_rename.py::TestRenameFileNode::test_updates_file_path_name_and_child_symbols PASSED [ 13%]
tests/unit/graph/test_nodes_commit_rename.py::TestGetFileSymbolNames::test_returns_set_of_full_names PASSED [ 13%]
tests/unit/graph/test_nodes_commit_rename.py::TestGetFileSymbolNames::test_returns_empty_set_when_no_symbols PASSED [ 13%]
tests/unit/graph/test_nodes_commit_rename.py::TestDeleteOrphanedSymbols::test_deletes_symbols_not_in_keep_set PASSED [ 13%]
tests/unit/graph/test_nodes_commit_rename.py::TestDeleteOrphanedSymbols::test_returns_zero_when_no_orphans PASSED [ 13%]
tests/unit/graph/test_orphan_endpoints.py::test_cleanup_removes_repo_contains_edge_and_orphaned_endpoint PASSED [ 13%]
tests/unit/graph/test_orphan_endpoints.py::test_cleanup_passes_repo_path PASSED [ 13%]
tests/unit/graph/test_queries.py::test_get_symbol_returns_none_when_not_found PASSED [ 13%]
tests/unit/graph/test_queries.py::test_get_symbol_returns_first_row PASSED [ 13%]
tests/unit/graph/test_queries.py::test_find_implementations_returns_list PASSED [ 13%]
tests/unit/graph/test_queries.py::test_find_implementations_does_not_require_interface_label PASSED [ 13%]
tests/unit/graph/test_queries.py::test_find_implementations_no_abc_fallback PASSED [ 13%]
tests/unit/graph/test_queries.py::test_find_callers_passes_full_name PASSED [ 13%]
tests/unit/graph/test_queries.py::test_find_callers_excludes_tests_by_default PASSED [ 13%]
tests/unit/graph/test_queries.py::test_search_symbols_with_kind_filter PASSED [ 14%]
tests/unit/graph/test_queries.py::test_list_projects_queries_repository_nodes PASSED [ 14%]
tests/unit/graph/test_queries.py::test_execute_readonly_query_allows_match PASSED [ 14%]
tests/unit/graph/test_queries.py::test_execute_readonly_query_propagates_timeout_error PASSED [ 14%]
tests/unit/graph/test_queries.py::test_execute_readonly_query_blocks_create PASSED [ 14%]
tests/unit/graph/test_queries.py::test_execute_readonly_query_blocks_trailing_delete PASSED [ 14%]
tests/unit/graph/test_queries.py::test_execute_readonly_query_blocks_multiline_merge PASSED [ 14%]
tests/unit/graph/test_queries.py::test_search_symbols_rejects_invalid_kind PASSED [ 14%]
tests/unit/graph/test_queries.py::test_get_method_symbol_map_returns_correct_dict PASSED [ 14%]
tests/unit/graph/test_queries.py::test_get_symbol_source_info_returns_location PASSED [ 14%]
tests/unit/graph/test_queries.py::test_get_symbol_source_info_returns_none_when_not_found PASSED [ 14%]
tests/unit/graph/test_queries.py::test_get_symbol_source_info_uses_stored_file_path PASSED [ 14%]
tests/unit/graph/test_queries.py::test_find_type_references_returns_referencing_symbols PASSED [ 14%]
tests/unit/graph/test_queries.py::test_find_type_references_returns_empty_for_no_refs PASSED [ 14%]
tests/unit/graph/test_queries.py::test_find_type_references_with_kind_filter PASSED [ 14%]
tests/unit/graph/test_queries.py::test_find_type_references_without_kind_returns_all PASSED [ 14%]
tests/unit/graph/test_queries.py::test_find_type_references_kind_in_query PASSED [ 14%]
tests/unit/graph/test_queries.py::test_find_dependencies_returns_referenced_types PASSED [ 15%]
tests/unit/graph/test_queries.py::test_get_containing_type_returns_parent PASSED [ 15%]
tests/unit/graph/test_queries.py::test_get_containing_type_returns_none_for_top_level PASSED [ 15%]
tests/unit/graph/test_queries.py::test_get_members_overview_returns_children PASSED [ 15%]
tests/unit/graph/test_queries.py::test_get_called_members_returns_called_only PASSED [ 15%]
tests/unit/graph/test_queries.py::test_get_called_members_returns_empty_for_no_calls PASSED [ 15%]
tests/unit/graph/test_queries.py::test_get_implemented_interfaces_returns_interfaces PASSED [ 15%]
tests/unit/graph/test_queries.py::test_get_index_status_returns_none_when_not_found PASSED [ 15%]
tests/unit/graph/test_queries.py::test_get_index_status_strips_trailing_slash PASSED [ 15%]
tests/unit/graph/test_queries.py::test_get_index_status_returns_counts PASSED [ 15%]
tests/unit/graph/test_queries.py::test_get_index_status_includes_symbol_breakdown PASSED [ 15%]
tests/unit/graph/test_queries.py::test_get_hierarchy_interface_returns_implementors_as_children PASSED [ 15%]
tests/unit/graph/test_queries.py::test_resolve_with_labels_exact_match PASSED [ 15%]
tests/unit/graph/test_queries.py::test_resolve_with_labels_suffix_match_single PASSED [ 15%]
tests/unit/graph/test_queries.py::test_resolve_with_labels_suffix_match_ambiguous PASSED [ 15%]
tests/unit/graph/test_queries.py::TestTestPathPattern::test_matches_csharp_tests_dir PASSED [ 15%]
tests/unit/graph/test_queries.py::TestTestPathPattern::test_matches_python_tests_dir PASSED [ 15%]
tests/unit/graph/test_queries.py::TestTestPathPattern::test_matches_jest_dunder_tests_dir PASSED [ 15%]
tests/unit/graph/test_queries.py::TestTestPathPattern::test_matches_test_suffix_ts PASSED [ 16%]
tests/unit/graph/test_queries.py::TestTestPathPattern::test_matches_spec_suffix_tsx PASSED [ 16%]
tests/unit/graph/test_queries.py::TestTestPathPattern::test_matches_test_suffix_js PASSED [ 16%]
tests/unit/graph/test_queries.py::TestTestPathPattern::test_matches_spec_suffix_jsx PASSED [ 16%]
tests/unit/graph/test_queries.py::TestTestPathPattern::test_matches_python_unit_tests_dir PASSED [ 16%]
tests/unit/graph/test_queries.py::TestTestPathPattern::test_matches_underscore_test_py PASSED [ 16%]
tests/unit/graph/test_queries.py::TestTestPathPattern::test_matches_underscore_test_go PASSED [ 16%]
tests/unit/graph/test_queries.py::TestTestPathPattern::test_no_match_regular_ts_file PASSED [ 16%]
tests/unit/graph/test_queries.py::TestTestPathPattern::test_no_match_regular_cs_file PASSED [ 16%]
tests/unit/graph/test_queries.py::TestTestPathPattern::test_no_match_testimonial_card PASSED [ 16%]
tests/unit/graph/test_queries.py::TestTestPathPattern::test_no_match_testing_utils PASSED [ 16%]
tests/unit/graph/test_queries.py::TestTestPathPattern::test_no_match_contest_py PASSED [ 16%]
tests/unit/graph/test_resolve.py::test_exact_match_returns_string PASSED [ 16%]
tests/unit/graph/test_resolve.py::test_exact_match_without_dot PASSED    [ 16%]
tests/unit/graph/test_resolve.py::test_suffix_fallback_single_match PASSED [ 16%]
tests/unit/graph/test_resolve.py::test_suffix_fallback_multiple_matches PASSED [ 16%]
tests/unit/graph/test_resolve.py::test_no_match_returns_original PASSED  [ 16%]
tests/unit/graph/test_resolve.py::test_exact_match_skips_suffix PASSED   [ 16%]
tests/unit/graph/test_resolve.py::test_suffix_fallback_prefers_class_over_method PASSED [ 17%]
tests/unit/graph/test_schema.py::test_ensure_schema_memgraph_creates_indices PASSED [ 17%]
tests/unit/graph/test_schema.py::test_ensure_schema_neo4j_creates_indices PASSED [ 17%]
tests/unit/graph/test_schema.py::test_schema_includes_package_index PASSED [ 17%]
tests/unit/graph/test_schema.py::test_schema_includes_interface_index PASSED [ 17%]
tests/unit/graph/test_schema.py::test_schema_does_not_include_namespace_index PASSED [ 17%]
tests/unit/graph/test_schema.py::test_schema_correct_number_of_indices PASSED [ 17%]
tests/unit/graph/test_search_language_filter.py::test_search_symbols_with_language_adds_where_condition PASSED [ 17%]
tests/unit/graph/test_search_language_filter.py::test_search_symbols_without_language_omits_condition PASSED [ 17%]
tests/unit/graph/test_search_language_filter.py::test_search_symbols_kind_and_language_combined PASSED [ 17%]
tests/unit/graph/test_search_language_filter.py::test_search_symbols_default_language_is_none PASSED [ 17%]
tests/unit/graph/test_search_language_filter.py::test_search_symbols_language_filter_csharp PASSED [ 17%]
tests/unit/graph/test_staleness.py::test_check_staleness_stale_file PASSED [ 17%]
tests/unit/graph/test_staleness.py::test_check_staleness_fresh_file PASSED [ 17%]
tests/unit/graph/test_staleness.py::test_check_staleness_file_not_in_graph PASSED [ 17%]
tests/unit/graph/test_staleness.py::test_check_staleness_file_deleted_from_disk PASSED [ 17%]
tests/unit/graph/test_traversal.py::test_trace_call_chain_returns_paths PASSED [ 17%]
tests/unit/graph/test_traversal.py::test_trace_call_chain_no_path PASSED [ 17%]
tests/unit/graph/test_traversal.py::test_trace_call_chain_depth_clamped PASSED [ 18%]
tests/unit/graph/test_traversal.py::test_trace_call_chain_depth_in_cypher PASSED [ 18%]
tests/unit/graph/test_traversal.py::test_find_entry_points_returns_paths PASSED [ 18%]
tests/unit/graph/test_traversal.py::test_find_entry_points_empty PASSED  [ 18%]
tests/unit/graph/test_traversal.py::test_get_call_depth_returns_callees PASSED [ 18%]
tests/unit/graph/test_traversal.py::test_get_call_depth_empty PASSED     [ 18%]
tests/unit/graph/test_traversal.py::test_trace_call_chain_traverses_dispatches_to PASSED [ 18%]
tests/unit/graph/test_traversal.py::test_find_entry_points_traverses_dispatches_to PASSED [ 18%]
tests/unit/graph/test_traversal.py::test_find_entry_points_exclude_pattern_in_cypher PASSED [ 18%]
tests/unit/graph/test_traversal.py::test_find_entry_points_no_exclude_clause_when_pattern_empty PASSED [ 18%]
tests/unit/graph/test_traversal.py::test_find_entry_points_exclude_promotes_callers_to_roots PASSED [ 18%]
tests/unit/graph/test_traversal.py::test_find_entry_points_deduplicates_by_entry PASSED [ 18%]
tests/unit/graph/test_traversal.py::test_get_call_depth_traverses_dispatches_to PASSED [ 18%]
tests/unit/graph/test_traversal.py::test_trace_call_chain_crosses_interface_boundary PASSED [ 18%]
tests/unit/graph/test_traversal.py::test_find_entry_points_excludes_tests_by_default PASSED [ 18%]
tests/unit/graph/test_traversal.py::test_find_entry_points_include_tests_when_requested PASSED [ 18%]
tests/unit/graph/test_traversal.py::test_find_entry_points_exclude_tests_composes_with_exclude_pattern PASSED [ 18%]
tests/unit/graph/test_traversal.py::test_find_entry_points_test_pattern_filters_callers_in_not_exists PASSED [ 18%]
tests/unit/graph/test_traversal.py::test_find_entry_points_test_pattern_is_empty_when_disabled PASSED [ 19%]
tests/unit/graph/test_traversal.py::test_find_entry_points_attributed_controller PASSED [ 19%]
tests/unit/graph/test_traversal.py::test_find_entry_points_attributed_deduplicates_with_roots PASSED [ 19%]
tests/unit/graph/test_traversal.py::test_find_entry_points_attributed_query_checks_attributes PASSED [ 19%]
tests/unit/hooks/test_config_upsert.py::TestClaudeCodeUpsert::test_creates_new_settings_file PASSED [ 19%]
tests/unit/hooks/test_config_upsert.py::TestClaudeCodeUpsert::test_preserves_existing_hooks PASSED [ 19%]
tests/unit/hooks/test_config_upsert.py::TestClaudeCodeUpsert::test_replaces_existing_synapps_hook PASSED [ 19%]
tests/unit/hooks/test_config_upsert.py::TestClaudeCodeUpsert::test_preserves_non_hook_settings PASSED [ 19%]
tests/unit/hooks/test_config_upsert.py::TestCursorUpsert::test_creates_new_hooks_file PASSED [ 19%]
tests/unit/hooks/test_config_upsert.py::TestCursorUpsert::test_preserves_existing_hooks PASSED [ 19%]
tests/unit/hooks/test_config_upsert.py::TestCopilotUpsert::test_creates_new_hooks_file_and_parent_dir PASSED [ 19%]
tests/unit/hooks/test_config_upsert.py::TestCopilotUpsert::test_preserves_existing_hooks PASSED [ 19%]
tests/unit/hooks/test_config_upsert.py::TestRemoveHooks::test_remove_claude_hook PASSED [ 19%]
tests/unit/hooks/test_config_upsert.py::TestRemoveHooks::test_remove_cursor_hook PASSED [ 19%]
tests/unit/hooks/test_config_upsert.py::TestRemoveHooks::test_remove_copilot_hook PASSED [ 19%]
tests/unit/hooks/test_config_upsert.py::TestRemoveHooks::test_remove_noop_if_file_missing PASSED [ 19%]
tests/unit/hooks/test_detector.py::TestDetectAgents::test_detects_claude_code PASSED [ 19%]
tests/unit/hooks/test_detector.py::TestDetectAgents::test_detects_cursor PASSED [ 19%]
tests/unit/hooks/test_detector.py::TestDetectAgents::test_detects_copilot PASSED [ 20%]
tests/unit/hooks/test_detector.py::TestDetectAgents::test_skips_missing_agents PASSED [ 20%]
tests/unit/hooks/test_detector.py::TestDetectAgents::test_detects_multiple_agents PASSED [ 20%]
tests/unit/hooks/test_detector.py::TestDetectAgents::test_agent_has_config_path PASSED [ 20%]
tests/unit/hooks/test_detector.py::TestDetectAgents::test_copilot_config_path_is_project_relative PASSED [ 20%]
tests/unit/hooks/test_detector.py::TestDetectAgents::test_cursor_config_path_is_project_relative PASSED [ 20%]
tests/unit/hooks/test_gate_scripts.py::TestClaudeGate::test_exits_zero PASSED [ 20%]
tests/unit/hooks/test_gate_scripts.py::TestClaudeGate::test_emits_reminder_in_indexed_project PASSED [ 20%]
tests/unit/hooks/test_gate_scripts.py::TestClaudeGate::test_silent_in_unindexed_project PASSED [ 20%]
tests/unit/hooks/test_gate_scripts.py::TestCopilotGate::test_emits_allow_json PASSED [ 20%]
tests/unit/hooks/test_gate_scripts.py::TestCopilotGate::test_emits_reminder_for_grep PASSED [ 20%]
tests/unit/hooks/test_gate_scripts.py::TestCopilotGate::test_silent_for_non_search_tool PASSED [ 20%]
tests/unit/hooks/test_gate_scripts.py::TestCopilotGate::test_silent_in_unindexed_project PASSED [ 20%]
tests/unit/hooks/test_installer.py::TestInstallScripts::test_creates_hooks_directory PASSED [ 20%]
tests/unit/hooks/test_installer.py::TestInstallScripts::test_writes_all_four_scripts PASSED [ 20%]
tests/unit/hooks/test_installer.py::TestInstallScripts::test_scripts_are_executable PASSED [ 20%]
tests/unit/hooks/test_installer.py::TestInstallScripts::test_skips_existing_scripts_without_force PASSED [ 20%]
tests/unit/hooks/test_installer.py::TestInstallScripts::test_overwrites_existing_scripts_with_force PASSED [ 20%]
tests/unit/hooks/test_installer.py::TestInstallScripts::test_returns_list_of_written_files PASSED [ 21%]
tests/unit/hooks/test_installer.py::TestRemoveScripts::test_removes_hooks_directory PASSED [ 21%]
tests/unit/hooks/test_installer.py::TestRemoveScripts::test_noop_if_directory_missing PASSED [ 21%]
tests/unit/hooks/test_scripts.py::TestScriptConstants::test_common_script_defines_is_synapps_project PASSED [ 21%]
tests/unit/hooks/test_scripts.py::TestScriptConstants::test_common_script_defines_emit_reminder PASSED [ 21%]
tests/unit/hooks/test_scripts.py::TestScriptConstants::test_common_script_checks_config_json PASSED [ 21%]
tests/unit/hooks/test_scripts.py::TestScriptConstants::test_claude_gate_sources_common PASSED [ 21%]
tests/unit/hooks/test_scripts.py::TestScriptConstants::test_claude_gate_exits_zero PASSED [ 21%]
tests/unit/hooks/test_scripts.py::TestScriptConstants::test_cursor_gate_sources_common PASSED [ 21%]
tests/unit/hooks/test_scripts.py::TestScriptConstants::test_copilot_gate_emits_allow_json PASSED [ 21%]
tests/unit/hooks/test_scripts.py::TestScriptConstants::test_copilot_gate_reads_tool_name PASSED [ 21%]
tests/unit/hooks/test_scripts.py::TestScriptConstants::test_all_scripts_have_shebang PASSED [ 21%]
tests/unit/indexer/http/test_constants_resolver.py::test_python_collects_url_constant PASSED [ 21%]
tests/unit/indexer/http/test_constants_resolver.py::test_python_collects_http_url_constant PASSED [ 21%]
tests/unit/indexer/http/test_constants_resolver.py::test_python_skips_non_string_assignment PASSED [ 21%]
tests/unit/indexer/http/test_constants_resolver.py::test_python_skips_string_without_slash_or_http PASSED [ 21%]
tests/unit/indexer/http/test_constants_resolver.py::test_python_skips_nested_assignment PASSED [ 21%]
tests/unit/indexer/http/test_constants_resolver.py::test_python_multi_file_collection PASSED [ 22%]
tests/unit/indexer/http/test_constants_resolver.py::test_python_empty_file PASSED [ 22%]
tests/unit/indexer/http/test_constants_resolver.py::test_typescript_collects_const_url PASSED [ 22%]
tests/unit/indexer/http/test_constants_resolver.py::test_typescript_collects_let_url PASSED [ 22%]
tests/unit/indexer/http/test_constants_resolver.py::test_typescript_skips_non_url_string PASSED [ 22%]
tests/unit/indexer/http/test_constants_resolver.py::test_typescript_empty_file PASSED [ 22%]
tests/unit/indexer/http/test_constants_resolver.py::test_unknown_language_returns_empty PASSED [ 22%]
tests/unit/indexer/http/test_csharp_http_extractor.py::test_basic_controller_endpoint PASSED [ 22%]
tests/unit/indexer/http/test_csharp_http_extractor.py::test_method_route_suffix PASSED [ 22%]
tests/unit/indexer/http/test_csharp_http_extractor.py::test_post_with_sub_route PASSED [ 22%]
tests/unit/indexer/http/test_csharp_http_extractor.py::test_tilde_overrides_class_route PASSED [ 22%]
tests/unit/indexer/http/test_csharp_http_extractor.py::test_multiple_verbs_on_class PASSED [ 22%]
tests/unit/indexer/http/test_csharp_http_extractor.py::test_non_controller_class_skipped PASSED [ 22%]
tests/unit/indexer/http/test_csharp_http_extractor.py::test_no_client_calls_returned PASSED [ 22%]
tests/unit/indexer/http/test_csharp_http_extractor.py::test_empty_source PASSED [ 22%]
tests/unit/indexer/http/test_csharp_http_extractor.py::test_apicontroller_on_base_class PASSED [ 22%]
tests/unit/indexer/http/test_csharp_http_extractor.py::test_controller_placeholder_in_route PASSED [ 22%]
tests/unit/indexer/http/test_csharp_http_extractor.py::test_httpclient_get_async PASSED [ 22%]
tests/unit/indexer/http/test_csharp_http_extractor.py::test_httpclient_post_async PASSED [ 23%]
tests/unit/indexer/http/test_csharp_http_extractor.py::test_httpclient_put_async PASSED [ 23%]
tests/unit/indexer/http/test_csharp_http_extractor.py::test_httpclient_delete_async PASSED [ 23%]
tests/unit/indexer/http/test_csharp_http_extractor.py::test_httpclient_patch_async PASSED [ 23%]
tests/unit/indexer/http/test_csharp_http_extractor.py::test_httpclient_get_string_async PASSED [ 23%]
tests/unit/indexer/http/test_csharp_http_extractor.py::test_restsharp_request_get PASSED [ 23%]
tests/unit/indexer/http/test_csharp_http_extractor.py::test_restsharp_request_post PASSED [ 23%]
tests/unit/indexer/http/test_csharp_http_extractor.py::test_interpolated_string_url PASSED [ 23%]
tests/unit/indexer/http/test_csharp_http_extractor.py::test_client_and_server_in_same_file PASSED [ 23%]
tests/unit/indexer/http/test_csharp_http_extractor.py::test_existing_server_extraction_unchanged PASSED [ 23%]
tests/unit/indexer/http/test_csharp_http_extractor.py::test_url_without_slash_skipped PASSED [ 23%]
tests/unit/indexer/http/test_csharp_http_extractor.py::test_find_enclosing_symbol_nested_class_narrowest_range PASSED [ 23%]
tests/unit/indexer/http/test_csharp_http_extractor.py::test_find_enclosing_symbol_outer_only_when_not_in_inner PASSED [ 23%]
tests/unit/indexer/http/test_csharp_http_extractor.py::test_find_enclosing_symbol_single_symbol PASSED [ 23%]
tests/unit/indexer/http/test_csharp_http_extractor.py::test_httpclient_get_from_json_async PASSED [ 23%]
tests/unit/indexer/http/test_csharp_http_extractor.py::test_httpclient_post_as_json_async PASSED [ 23%]
tests/unit/indexer/http/test_csharp_http_extractor.py::test_httpclient_put_as_json_async PASSED [ 23%]
tests/unit/indexer/http/test_csharp_http_extractor.py::test_httpclient_get_stream_async PASSED [ 23%]
tests/unit/indexer/http/test_csharp_http_extractor.py::test_fastendpoints_generic_base PASSED [ 24%]
tests/unit/indexer/http/test_csharp_http_extractor.py::test_fastendpoints_plain_base PASSED [ 24%]
tests/unit/indexer/http/test_csharp_http_extractor.py::test_fastendpoints_mapper_base PASSED [ 24%]
tests/unit/indexer/http/test_csharp_http_extractor.py::test_fastendpoints_handler_is_handle_async PASSED [ 24%]
tests/unit/indexer/http/test_csharp_http_extractor.py::test_fastendpoints_mutual_exclusion_route_attr PASSED [ 24%]
tests/unit/indexer/http/test_csharp_http_extractor.py::test_non_fastendpoints_post_not_detected PASSED [ 24%]
tests/unit/indexer/http/test_csharp_http_extractor.py::test_fastendpoints_configure_delete PASSED [ 24%]
tests/unit/indexer/http/test_csharp_http_extractor.py::test_fastendpoints_configure_patch PASSED [ 24%]
tests/unit/indexer/http/test_csharp_http_extractor.py::test_fastendpoints_handle_async_missing PASSED [ 24%]
tests/unit/indexer/http/test_csharp_http_extractor.py::test_fastendpoints_verbs_routes_cross_product PASSED [ 24%]
tests/unit/indexer/http/test_csharp_http_extractor.py::test_fastendpoints_verbs_string_style PASSED [ 24%]
tests/unit/indexer/http/test_csharp_http_extractor.py::test_fastendpoints_verbs_enum_single PASSED [ 24%]
tests/unit/indexer/http/test_csharp_http_extractor.py::test_iendpointgroup_basic_mapget PASSED [ 24%]
tests/unit/indexer/http/test_csharp_http_extractor.py::test_iendpointgroup_multiple_verbs PASSED [ 24%]
tests/unit/indexer/http/test_csharp_http_extractor.py::test_iendpointgroup_endpointgroupbase PASSED [ 24%]
tests/unit/indexer/http/test_csharp_http_extractor.py::test_iendpointgroup_handler_first_ordering PASSED [ 24%]
tests/unit/indexer/http/test_csharp_http_extractor.py::test_iendpointgroup_route_first_ordering PASSED [ 24%]
tests/unit/indexer/http/test_csharp_http_extractor.py::test_iendpointgroup_lambda_handler PASSED [ 24%]
tests/unit/indexer/http/test_csharp_http_extractor.py::test_iendpointgroup_mutual_exclusion PASSED [ 25%]
tests/unit/indexer/http/test_csharp_http_extractor.py::test_iendpointgroup_negative_plain_class PASSED [ 25%]
tests/unit/indexer/http/test_csharp_http_extractor.py::test_minimal_api_method_ref PASSED [ 25%]
tests/unit/indexer/http/test_csharp_http_extractor.py::test_minimal_api_lambda PASSED [ 25%]
tests/unit/indexer/http/test_csharp_http_extractor.py::test_minimal_api_multiple_verbs PASSED [ 25%]
tests/unit/indexer/http/test_csharp_http_extractor.py::test_minimal_api_no_duplicate_in_iendpointgroup PASSED [ 25%]
tests/unit/indexer/http/test_csharp_http_extractor.py::test_minimal_api_handler_resolution_across_class PASSED [ 25%]
tests/unit/indexer/http/test_interface.py::test_endpoint_def_fields PASSED [ 25%]
tests/unit/indexer/http/test_interface.py::test_client_call_fields PASSED [ 25%]
tests/unit/indexer/http/test_interface.py::test_extraction_result_defaults_empty PASSED [ 25%]
tests/unit/indexer/http/test_interface.py::test_extraction_result_with_data PASSED [ 25%]
tests/unit/indexer/http/test_java_http_extractor.py::test_get_mapping_basic PASSED [ 25%]
tests/unit/indexer/http/test_java_http_extractor.py::test_post_mapping PASSED [ 25%]
tests/unit/indexer/http/test_java_http_extractor.py::test_put_mapping PASSED [ 25%]
tests/unit/indexer/http/test_java_http_extractor.py::test_delete_mapping PASSED [ 25%]
tests/unit/indexer/http/test_java_http_extractor.py::test_patch_mapping PASSED [ 25%]
tests/unit/indexer/http/test_java_http_extractor.py::test_class_level_request_mapping_prefix_combined PASSED [ 25%]
tests/unit/indexer/http/test_java_http_extractor.py::test_request_mapping_with_method_post PASSED [ 25%]
tests/unit/indexer/http/test_java_http_extractor.py::test_request_mapping_with_value_arg PASSED [ 26%]
tests/unit/indexer/http/test_java_http_extractor.py::test_controller_annotation_also_detected PASSED [ 26%]
tests/unit/indexer/http/test_java_http_extractor.py::test_non_controller_class_skipped PASSED [ 26%]
tests/unit/indexer/http/test_java_http_extractor.py::test_rest_template_get_for_object PASSED [ 26%]
tests/unit/indexer/http/test_java_http_extractor.py::test_rest_template_post_for_object PASSED [ 26%]
tests/unit/indexer/http/test_java_http_extractor.py::test_rest_template_put PASSED [ 26%]
tests/unit/indexer/http/test_java_http_extractor.py::test_rest_template_delete PASSED [ 26%]
tests/unit/indexer/http/test_java_http_extractor.py::test_webclient_get PASSED [ 26%]
tests/unit/indexer/http/test_java_http_extractor.py::test_webclient_post PASSED [ 26%]
tests/unit/indexer/http/test_java_http_extractor.py::test_java_net_http_get PASSED [ 26%]
tests/unit/indexer/http/test_java_http_extractor.py::test_url_without_slash_skipped PASSED [ 26%]
tests/unit/indexer/http/test_java_http_extractor.py::test_empty_source PASSED [ 26%]
tests/unit/indexer/http/test_java_http_extractor.py::test_jaxrs_path_with_get PASSED [ 26%]
tests/unit/indexer/http/test_java_http_extractor.py::test_jaxrs_path_with_post PASSED [ 26%]
tests/unit/indexer/http/test_java_http_extractor.py::test_jaxrs_class_and_method_path_combined PASSED [ 26%]
tests/unit/indexer/http/test_java_http_extractor.py::test_jaxrs_put_delete_patch PASSED [ 26%]
tests/unit/indexer/http/test_java_http_extractor.py::test_jaxrs_no_verb_annotation_skipped PASSED [ 26%]
tests/unit/indexer/http/test_java_http_extractor.py::test_jaxrs_class_without_path_skipped PASSED [ 26%]
tests/unit/indexer/http/test_java_http_extractor.py::test_jaxrs_symbol_with_parens_in_name PASSED [ 27%]
tests/unit/indexer/http/test_java_http_extractor.py::test_jaxrs_symbol_line_off_by_one PASSED [ 27%]
tests/unit/indexer/http/test_java_http_extractor.py::test_jaxrs_mixed_with_spring_in_same_file PASSED [ 27%]
tests/unit/indexer/http/test_java_http_extractor.py::test_jaxrs_constraint_route_normalized PASSED [ 27%]
tests/unit/indexer/http/test_java_http_extractor.py::test_find_enclosing_symbol_nested_class_narrowest_range PASSED [ 27%]
tests/unit/indexer/http/test_java_http_extractor.py::test_find_enclosing_symbol_outer_only_when_not_in_inner PASSED [ 27%]
tests/unit/indexer/http/test_java_http_extractor.py::test_find_enclosing_symbol_single_symbol PASSED [ 27%]
tests/unit/indexer/http/test_java_http_extractor.py::test_rest_template_exchange_get PASSED [ 27%]
tests/unit/indexer/http/test_java_http_extractor.py::test_rest_template_exchange_post PASSED [ 27%]
tests/unit/indexer/http/test_java_http_extractor.py::test_rest_template_exchange_put PASSED [ 27%]
tests/unit/indexer/http/test_java_http_extractor.py::test_rest_template_exchange_delete PASSED [ 27%]
tests/unit/indexer/http/test_java_http_extractor.py::test_rest_template_exchange_binary_expression_url PASSED [ 27%]
tests/unit/indexer/http/test_java_http_extractor.py::test_rest_template_exchange_identifier_url PASSED [ 27%]
tests/unit/indexer/http/test_java_http_extractor.py::test_rest_template_exchange_no_slash_in_resolved_url_skipped PASSED [ 27%]
tests/unit/indexer/http/test_java_http_extractor.py::test_rest_template_exchange_caller_attribution PASSED [ 27%]
tests/unit/indexer/http/test_matcher.py::test_exact_match PASSED         [ 27%]
tests/unit/indexer/http/test_matcher.py::test_parameterized_match PASSED [ 27%]
tests/unit/indexer/http/test_matcher.py::test_param_names_ignored PASSED [ 27%]
tests/unit/indexer/http/test_matcher.py::test_method_mismatch_no_match PASSED [ 28%]
tests/unit/indexer/http/test_matcher.py::test_base_path_prefix_matching PASSED [ 28%]
tests/unit/indexer/http/test_matcher.py::test_unmatched_server_endpoint PASSED [ 28%]
tests/unit/indexer/http/test_matcher.py::test_unmatched_client_call PASSED [ 28%]
tests/unit/indexer/http/test_matcher.py::test_multiple_clients_same_endpoint PASSED [ 28%]
tests/unit/indexer/http/test_matcher.py::test_param_vs_literal_no_match PASSED [ 28%]
tests/unit/indexer/http/test_matcher.py::test_empty_inputs PASSED        [ 28%]
tests/unit/indexer/http/test_python_http_extractor.py::test_fastapi_get_decorator PASSED [ 28%]
tests/unit/indexer/http/test_python_http_extractor.py::test_fastapi_post_decorator PASSED [ 28%]
tests/unit/indexer/http/test_python_http_extractor.py::test_fastapi_path_param_preserved PASSED [ 28%]
tests/unit/indexer/http/test_python_http_extractor.py::test_fastapi_router_decorator PASSED [ 28%]
tests/unit/indexer/http/test_python_http_extractor.py::test_fastapi_all_verbs PASSED [ 28%]
tests/unit/indexer/http/test_python_http_extractor.py::test_flask_route_get PASSED [ 28%]
tests/unit/indexer/http/test_python_http_extractor.py::test_flask_route_multiple_methods PASSED [ 28%]
tests/unit/indexer/http/test_python_http_extractor.py::test_flask_route_param_normalized PASSED [ 28%]
tests/unit/indexer/http/test_python_http_extractor.py::test_flask_route_no_methods_defaults_to_get PASSED [ 28%]
tests/unit/indexer/http/test_python_http_extractor.py::test_flask_shorthand_get PASSED [ 28%]
tests/unit/indexer/http/test_python_http_extractor.py::test_flask_blueprint_route PASSED [ 29%]
tests/unit/indexer/http/test_python_http_extractor.py::test_django_modelviewset_conventional_routes PASSED [ 29%]
tests/unit/indexer/http/test_python_http_extractor.py::test_django_apiview_get_method PASSED [ 29%]
tests/unit/indexer/http/test_python_http_extractor.py::test_django_api_view_decorator PASSED [ 29%]
tests/unit/indexer/http/test_python_http_extractor.py::test_requests_get PASSED [ 29%]
tests/unit/indexer/http/test_python_http_extractor.py::test_requests_post PASSED [ 29%]
tests/unit/indexer/http/test_python_http_extractor.py::test_requests_fstring_url PASSED [ 29%]
tests/unit/indexer/http/test_python_http_extractor.py::test_requests_all_verbs PASSED [ 29%]
tests/unit/indexer/http/test_python_http_extractor.py::test_requests_outside_function_skipped PASSED [ 29%]
tests/unit/indexer/http/test_python_http_extractor.py::test_requests_url_without_slash_skipped PASSED [ 29%]
tests/unit/indexer/http/test_python_http_extractor.py::test_requests_constant_url_resolution PASSED [ 29%]
tests/unit/indexer/http/test_python_http_extractor.py::test_non_http_decorator_skipped PASSED [ 29%]
tests/unit/indexer/http/test_python_http_extractor.py::test_empty_source PASSED [ 29%]
tests/unit/indexer/http/test_python_http_extractor.py::test_both_server_and_client_in_same_file PASSED [ 29%]
tests/unit/indexer/http/test_python_http_extractor.py::test_find_enclosing_symbol_nested_class_narrowest_range PASSED [ 29%]
tests/unit/indexer/http/test_python_http_extractor.py::test_find_enclosing_symbol_outer_only_when_not_in_inner PASSED [ 29%]
tests/unit/indexer/http/test_python_http_extractor.py::test_find_enclosing_symbol_single_symbol PASSED [ 29%]
tests/unit/indexer/http/test_route_utils.py::test_strips_type_constraints PASSED [ 29%]
tests/unit/indexer/http/test_route_utils.py::test_strips_regex_constraints PASSED [ 30%]
tests/unit/indexer/http/test_route_utils.py::test_ensures_leading_slash PASSED [ 30%]
tests/unit/indexer/http/test_route_utils.py::test_strips_trailing_slash PASSED [ 30%]
tests/unit/indexer/http/test_route_utils.py::test_collapses_double_slashes PASSED [ 30%]
tests/unit/indexer/http/test_route_utils.py::test_preserves_case PASSED  [ 30%]
tests/unit/indexer/http/test_route_utils.py::test_empty_returns_root PASSED [ 30%]
tests/unit/indexer/http/test_route_utils.py::test_already_normalized PASSED [ 30%]
tests/unit/indexer/http/test_route_utils.py::test_combines_class_and_method_route PASSED [ 30%]
tests/unit/indexer/http/test_route_utils.py::test_method_route_only PASSED [ 30%]
tests/unit/indexer/http/test_route_utils.py::test_tilde_override_ignores_class_route PASSED [ 30%]
tests/unit/indexer/http/test_route_utils.py::test_multiple_params PASSED [ 30%]
tests/unit/indexer/http/test_route_utils.py::test_strip_base_url_variable_basic PASSED [ 30%]
tests/unit/indexer/http/test_route_utils.py::test_strip_base_url_variable_preserves_normal_routes PASSED [ 30%]
tests/unit/indexer/http/test_route_utils.py::test_strip_base_url_variable_preserves_param_routes PASSED [ 30%]
tests/unit/indexer/http/test_route_utils.py::test_strip_base_url_variable_multiple_prefixes PASSED [ 30%]
tests/unit/indexer/http/test_route_utils.py::test_strip_base_url_variable_only_variable PASSED [ 30%]
tests/unit/indexer/http/test_route_utils.py::test_strip_base_url_variable_empty PASSED [ 30%]
tests/unit/indexer/http/test_route_utils.py::test_strip_base_url_variable_with_backtick_style PASSED [ 30%]
tests/unit/indexer/http/test_route_utils.py::test_strips_jaxrs_constraint_with_space PASSED [ 31%]
tests/unit/indexer/http/test_route_utils.py::test_strips_jaxrs_constraint_combined PASSED [ 31%]
tests/unit/indexer/http/test_route_utils.py::test_strips_jaxrs_constraint_special_chars PASSED [ 31%]
tests/unit/indexer/http/test_typescript_http_extractor.py::test_axios_style_get PASSED [ 31%]
tests/unit/indexer/http/test_typescript_http_extractor.py::test_axios_style_post PASSED [ 31%]
tests/unit/indexer/http/test_typescript_http_extractor.py::test_fetch_with_method_option PASSED [ 31%]
tests/unit/indexer/http/test_typescript_http_extractor.py::test_fetch_defaults_to_get PASSED [ 31%]
tests/unit/indexer/http/test_typescript_http_extractor.py::test_template_literal_parameterized PASSED [ 31%]
tests/unit/indexer/http/test_typescript_http_extractor.py::test_constant_reference PASSED [ 31%]
tests/unit/indexer/http/test_typescript_http_extractor.py::test_false_positive_rejected_no_path PASSED [ 31%]
tests/unit/indexer/http/test_typescript_http_extractor.py::test_dynamic_url_skipped PASSED [ 31%]
tests/unit/indexer/http/test_typescript_http_extractor.py::test_no_server_defs_returned PASSED [ 31%]
tests/unit/indexer/http/test_typescript_http_extractor.py::test_empty_source PASSED [ 31%]
tests/unit/indexer/http/test_typescript_http_extractor.py::test_generic_type_argument_with_await PASSED [ 31%]
tests/unit/indexer/http/test_typescript_http_extractor.py::test_generic_type_argument_without_await PASSED [ 31%]
tests/unit/indexer/http/test_typescript_http_extractor.py::test_multiple_calls_in_one_function PASSED [ 31%]
tests/unit/indexer/http/test_typescript_http_extractor.py::test_express_get_route PASSED [ 31%]
tests/unit/indexer/http/test_typescript_http_extractor.py::test_express_post_route PASSED [ 31%]
tests/unit/indexer/http/test_typescript_http_extractor.py::test_express_param_normalization PASSED [ 32%]
tests/unit/indexer/http/test_typescript_http_extractor.py::test_fastify_get_route PASSED [ 32%]
tests/unit/indexer/http/test_typescript_http_extractor.py::test_fastify_route_config PASSED [ 32%]
tests/unit/indexer/http/test_typescript_http_extractor.py::test_hono_get_route PASSED [ 32%]
tests/unit/indexer/http/test_typescript_http_extractor.py::test_server_route_not_duplicated_as_client_call PASSED [ 32%]
tests/unit/indexer/http/test_typescript_http_extractor.py::test_existing_client_call_still_works PASSED [ 32%]
tests/unit/indexer/http/test_typescript_http_extractor.py::test_find_enclosing_symbol_nested_class_narrowest_range PASSED [ 32%]
tests/unit/indexer/http/test_typescript_http_extractor.py::test_find_enclosing_symbol_outer_only_when_not_in_inner PASSED [ 32%]
tests/unit/indexer/http/test_typescript_http_extractor.py::test_find_enclosing_symbol_single_symbol PASSED [ 32%]
tests/unit/indexer/test_call_indexer.py::test_writes_calls_edge_when_lsp_resolves_callee PASSED [ 32%]
tests/unit/indexer/test_call_indexer.py::test_skips_edge_when_lsp_returns_none PASSED [ 32%]
tests/unit/indexer/test_call_indexer.py::test_skips_edge_when_callee_is_not_a_method PASSED [ 32%]
tests/unit/indexer/test_call_indexer.py::test_index_calls_reads_all_cs_files PASSED [ 32%]
tests/unit/indexer/test_call_indexer.py::test_writes_call_site_line_and_col PASSED [ 32%]
tests/unit/indexer/test_call_indexer.py::test_skips_self_calls PASSED    [ 32%]
tests/unit/indexer/test_csharp_attribute_extractor.py::test_extracts_class_attribute PASSED [ 32%]
tests/unit/indexer/test_csharp_attribute_extractor.py::test_extracts_method_attribute PASSED [ 32%]
tests/unit/indexer/test_csharp_attribute_extractor.py::test_extracts_multiple_attributes PASSED [ 32%]
tests/unit/indexer/test_csharp_attribute_extractor.py::test_strips_attribute_suffix PASSED [ 33%]
tests/unit/indexer/test_csharp_attribute_extractor.py::test_preserves_namespace_qualification PASSED [ 33%]
tests/unit/indexer/test_csharp_attribute_extractor.py::test_extracts_property_attribute PASSED [ 33%]
tests/unit/indexer/test_csharp_attribute_extractor.py::test_extracts_field_attribute PASSED [ 33%]
tests/unit/indexer/test_csharp_attribute_extractor.py::test_empty_source_returns_empty PASSED [ 33%]
tests/unit/indexer/test_csharp_attribute_extractor.py::test_extracts_static_method_modifier PASSED [ 33%]
tests/unit/indexer/test_csharp_attribute_extractor.py::test_extracts_async_method_modifier PASSED [ 33%]
tests/unit/indexer/test_csharp_attribute_extractor.py::test_extracts_abstract_method_modifier PASSED [ 33%]
tests/unit/indexer/test_csharp_attribute_extractor.py::test_extracts_combined_modifiers PASSED [ 33%]
tests/unit/indexer/test_csharp_attribute_extractor.py::test_extracts_virtual_override_modifiers PASSED [ 33%]
tests/unit/indexer/test_csharp_attribute_extractor.py::test_modifiers_combined_with_attributes PASSED [ 33%]
tests/unit/indexer/test_csharp_attribute_extractor.py::test_no_attributes_returns_empty PASSED [ 33%]
tests/unit/indexer/test_csharp_attribute_extractor.py::test_attribute_with_arguments_extracts_name_only PASSED [ 33%]
tests/unit/indexer/test_csharp_attribute_extractor.py::test_fact_attribute_extracted_for_async_task_method PASSED [ 33%]
tests/unit/indexer/test_csharp_attribute_extractor.py::test_theory_attribute_extracted_for_generic_return PASSED [ 33%]
tests/unit/indexer/test_csharp_attribute_extractor.py::test_fact_on_void_method_still_works PASSED [ 33%]
tests/unit/indexer/test_csharp_attribute_extractor.py::test_multiple_attributed_methods_in_class PASSED [ 33%]
tests/unit/indexer/test_csharp_base_type_extractor.py::test_extract_class_with_base_class PASSED [ 33%]
tests/unit/indexer/test_csharp_base_type_extractor.py::test_extract_class_implementing_interface PASSED [ 34%]
tests/unit/indexer/test_csharp_base_type_extractor.py::test_extract_class_with_multiple_bases_marks_first PASSED [ 34%]
tests/unit/indexer/test_csharp_base_type_extractor.py::test_extract_interface_inheriting_interface PASSED [ 34%]
tests/unit/indexer/test_csharp_base_type_extractor.py::test_extract_no_bases PASSED [ 34%]
tests/unit/indexer/test_csharp_base_type_extractor.py::test_extract_generic_base_class PASSED [ 34%]
tests/unit/indexer/test_csharp_base_type_extractor.py::test_extract_record_with_base PASSED [ 34%]
tests/unit/indexer/test_csharp_base_type_extractor.py::test_extract_empty_file PASSED [ 34%]
tests/unit/indexer/test_csharp_base_type_extractor.py::test_extract_class_with_qualified_interface PASSED [ 34%]
tests/unit/indexer/test_csharp_base_type_extractor.py::test_extract_class_with_deeply_qualified_base PASSED [ 34%]
tests/unit/indexer/test_csharp_base_type_extractor.py::test_extract_mixed_simple_and_qualified_bases PASSED [ 34%]
tests/unit/indexer/test_csharp_base_type_extractor.py::test_extract_positions_are_integers PASSED [ 34%]
tests/unit/indexer/test_csharp_call_extractor.py::test_extracts_simple_method_call PASSED [ 34%]
tests/unit/indexer/test_csharp_call_extractor.py::test_extracts_member_access_call PASSED [ 34%]
tests/unit/indexer/test_csharp_call_extractor.py::test_caller_full_name_is_set PASSED [ 34%]
tests/unit/indexer/test_csharp_call_extractor.py::test_returns_empty_for_empty_source PASSED [ 34%]
tests/unit/indexer/test_csharp_call_extractor.py::test_no_duplicate_entries_for_same_call PASSED [ 34%]
tests/unit/indexer/test_csharp_call_extractor.py::test_extracts_generic_method_call PASSED [ 34%]
tests/unit/indexer/test_csharp_call_extractor.py::test_extracts_generic_object_creation PASSED [ 34%]
tests/unit/indexer/test_csharp_call_extractor.py::test_skips_calls_with_no_enclosing_method PASSED [ 35%]
tests/unit/indexer/test_csharp_import_extractor.py::test_extract_simple_using PASSED [ 35%]
tests/unit/indexer/test_csharp_import_extractor.py::test_extract_multiple_usings PASSED [ 35%]
tests/unit/indexer/test_csharp_import_extractor.py::test_extract_ignores_static_using PASSED [ 35%]
tests/unit/indexer/test_csharp_import_extractor.py::test_extract_empty_file PASSED [ 35%]
tests/unit/indexer/test_csharp_import_extractor.py::test_extract_no_duplicates PASSED [ 35%]
tests/unit/indexer/test_csharp_import_extractor.py::test_extract_ignores_alias_using PASSED [ 35%]
tests/unit/indexer/test_csharp_type_ref_extractor.py::test_extracts_method_return_type PASSED [ 35%]
tests/unit/indexer/test_csharp_type_ref_extractor.py::test_extracts_method_parameter_type PASSED [ 35%]
tests/unit/indexer/test_csharp_type_ref_extractor.py::test_extracts_property_type PASSED [ 35%]
tests/unit/indexer/test_csharp_type_ref_extractor.py::test_extracts_field_type PASSED [ 35%]
tests/unit/indexer/test_csharp_type_ref_extractor.py::test_skips_primitive_types PASSED [ 35%]
tests/unit/indexer/test_csharp_type_ref_extractor.py::test_field_type_owner_requires_class_lines PASSED [ 35%]
tests/unit/indexer/test_csharp_type_ref_extractor.py::test_returns_empty_for_empty_source PASSED [ 35%]
tests/unit/indexer/test_git.py::TestIsGitRepo::test_returns_true_when_git_dir_exists PASSED [ 35%]
tests/unit/indexer/test_git.py::TestIsGitRepo::test_returns_false_when_no_git_dir PASSED [ 35%]
tests/unit/indexer/test_git.py::TestRevParseHead::test_returns_sha_on_success PASSED [ 35%]
tests/unit/indexer/test_git.py::TestRevParseHead::test_returns_none_on_failure PASSED [ 36%]
tests/unit/indexer/test_git.py::TestDiffNameStatus::test_parses_modified_and_deleted PASSED [ 36%]
tests/unit/indexer/test_git.py::TestDiffNameStatus::test_parses_rename PASSED [ 36%]
tests/unit/indexer/test_git.py::TestDiffNameStatus::test_parses_added PASSED [ 36%]
tests/unit/indexer/test_git.py::TestDiffNameStatus::test_returns_empty_on_failure PASSED [ 36%]
tests/unit/indexer/test_git.py::TestDiffNameStatus::test_cached_ref_spec PASSED [ 36%]
tests/unit/indexer/test_git.py::TestDiffNameStatus::test_none_ref_spec_no_extra_args PASSED [ 36%]
tests/unit/indexer/test_git.py::TestComputeGitDiff::test_modified_file_in_to_reindex PASSED [ 36%]
tests/unit/indexer/test_git.py::TestComputeGitDiff::test_deleted_file_in_to_delete PASSED [ 36%]
tests/unit/indexer/test_git.py::TestComputeGitDiff::test_added_file_in_to_reindex PASSED [ 36%]
tests/unit/indexer/test_git.py::TestComputeGitDiff::test_renamed_file_in_renames_and_reindex PASSED [ 36%]
tests/unit/indexer/test_git.py::TestComputeGitDiff::test_uncommitted_changes_included PASSED [ 36%]
tests/unit/indexer/test_git.py::TestComputeGitDiff::test_diff_calls_three_subprocess_diffs PASSED [ 36%]
tests/unit/indexer/test_git_sync.py::test_no_changes_returns_zero_sync_result PASSED [ 36%]
tests/unit/indexer/test_git_sync.py::test_modified_file_reindexed PASSED [ 36%]
tests/unit/indexer/test_git_sync.py::test_deleted_file_removed PASSED    [ 36%]
tests/unit/indexer/test_git_sync.py::test_renamed_file_calls_rename_and_reindex PASSED [ 36%]
tests/unit/indexer/test_git_sync.py::test_stores_commit_sha_after_sync PASSED [ 36%]
tests/unit/indexer/test_git_sync.py::test_reindex_failure_skipped_others_processed PASSED [ 37%]
tests/unit/indexer/test_git_sync.py::test_no_head_sha_skips_commit_store PASSED [ 37%]
tests/unit/indexer/test_git_sync.py::test_file_extensions_filter_only_processes_matching_files PASSED [ 37%]
tests/unit/indexer/test_git_sync.py::test_file_extensions_filter_all_filtered_returns_zero PASSED [ 37%]
tests/unit/indexer/test_http_phase.py::test_phase_creates_endpoint_nodes_and_edges PASSED [ 37%]
tests/unit/indexer/test_http_phase.py::test_phase_skips_when_no_results PASSED [ 37%]
tests/unit/indexer/test_http_phase.py::test_phase_handles_unmatched_server_endpoint PASSED [ 37%]
tests/unit/indexer/test_http_phase.py::test_phase_handles_unmatched_client_call PASSED [ 37%]
tests/unit/indexer/test_http_phase.py::test_rebuild_from_graph_queries_existing_data PASSED [ 37%]
tests/unit/indexer/test_http_phase.py::test_conflict_warning_emitted PASSED [ 37%]
tests/unit/indexer/test_http_phase.py::test_conflict_warning_emitted_once_per_pair PASSED [ 37%]
tests/unit/indexer/test_http_phase.py::test_no_conflict_warning_for_single_handler PASSED [ 37%]
tests/unit/indexer/test_http_phase.py::test_no_conflict_for_different_routes PASSED [ 37%]
tests/unit/indexer/test_import_fallback.py::test_fallback_resolves_when_lsp_returns_empty PASSED [ 37%]
tests/unit/indexer/test_import_fallback.py::test_fallback_resolves_when_lsp_returns_same_file PASSED [ 37%]
tests/unit/indexer/test_import_fallback.py::test_fallback_not_used_when_lsp_succeeds PASSED [ 37%]
tests/unit/indexer/test_import_fallback.py::test_fallback_skipped_when_no_import_map PASSED [ 37%]
tests/unit/indexer/test_import_fallback.py::test_fallback_uses_name_to_full_names_when_graph_misses PASSED [ 37%]
tests/unit/indexer/test_indexer.py::test_is_minified_returns_true_for_long_first_line PASSED [ 38%]
tests/unit/indexer/test_indexer.py::test_is_minified_returns_false_for_normal_file PASSED [ 38%]
tests/unit/indexer/test_indexer.py::test_is_minified_returns_false_for_empty_file PASSED [ 38%]
tests/unit/indexer/test_indexer.py::test_is_minified_skips_empty_leading_lines PASSED [ 38%]
tests/unit/indexer/test_indexer.py::test_is_minified_returns_false_for_missing_file PASSED [ 38%]
tests/unit/indexer/test_indexer.py::test_typescript_constructor_produces_kind_str_constructor PASSED [ 38%]
tests/unit/indexer/test_indexer.py::test_typescript_regular_method_keeps_kind_str_method PASSED [ 38%]
tests/unit/indexer/test_indexer.py::test_typescript_top_level_function_kind_str_is_function PASSED [ 38%]
tests/unit/indexer/test_indexer.py::test_index_callback_edges_creates_calls_from_parent_to_callback PASSED [ 38%]
tests/unit/indexer/test_indexer.py::test_index_callback_edges_skips_non_callback_methods PASSED [ 38%]
tests/unit/indexer/test_indexer.py::test_index_callback_edges_skips_parentless_callbacks PASSED [ 38%]
tests/unit/indexer/test_indexer.py::test_typescript_const_object_produces_kind_str_const_object PASSED [ 38%]
tests/unit/indexer/test_indexer.py::test_index_project_builds_assignment_map_for_python PASSED [ 38%]
tests/unit/indexer/test_indexer.py::test_index_project_skips_assignment_map_for_csharp PASSED [ 38%]
tests/unit/indexer/test_indexer.py::test_reindex_file_builds_assignment_map PASSED [ 38%]
tests/unit/indexer/test_indexer.py::test_is_minified_source_returns_true_for_long_first_line PASSED [ 38%]
tests/unit/indexer/test_indexer.py::test_is_minified_source_returns_false_for_normal PASSED [ 38%]
tests/unit/indexer/test_indexer.py::test_is_minified_source_returns_false_for_empty PASSED [ 38%]
tests/unit/indexer/test_indexer.py::test_is_minified_source_returns_true_for_long_first_line_with_newline PASSED [ 39%]
tests/unit/indexer/test_indexer.py::test_is_minified_source_returns_false_for_blank_first_line PASSED [ 39%]
tests/unit/indexer/test_indexer.py::test_index_project_catches_lsp_timeout_and_continues PASSED [ 39%]
tests/unit/indexer/test_indexer.py::test_index_project_logs_timed_out_file_name PASSED [ 39%]
tests/unit/indexer/test_indexer.py::test_index_project_logs_verbose_suggestion_on_timeout PASSED [ 39%]
tests/unit/indexer/test_indexer_attributes.py::test_index_project_calls_set_attributes PASSED [ 39%]
tests/unit/indexer/test_indexer_attributes.py::test_reindex_file_calls_set_attributes PASSED [ 39%]
tests/unit/indexer/test_indexer_attributes.py::test_index_project_java_attributes PASSED [ 39%]
tests/unit/indexer/test_indexer_attributes.py::test_index_project_java_class_attributes PASSED [ 39%]
tests/unit/indexer/test_indexer_base_types_lsp.py::TestLspHitCreatesInherits::test_lsp_hit_creates_inherits PASSED [ 39%]
tests/unit/indexer/test_indexer_base_types_lsp.py::TestLspHitCreatesImplements::test_lsp_hit_creates_implements PASSED [ 39%]
tests/unit/indexer/test_indexer_base_types_lsp.py::TestLspHitCreatesInterfaceInherits::test_lsp_hit_creates_interface_inherits PASSED [ 39%]
tests/unit/indexer/test_indexer_base_types_lsp.py::TestLspCsharpFirstBaseDualWrite::test_lsp_csharp_first_base_dual_write PASSED [ 39%]
tests/unit/indexer/test_indexer_base_types_lsp.py::TestLspNoDefinitionsSkips::test_lsp_no_definitions_skips PASSED [ 39%]
tests/unit/indexer/test_indexer_base_types_lsp.py::TestLspExternalTypeSkipped::test_lsp_external_type_skipped PASSED [ 39%]
tests/unit/indexer/test_indexer_base_types_lsp.py::TestLspExceptionSkips::test_lsp_exception_skips PASSED [ 39%]
tests/unit/indexer/test_indexer_base_types_lsp.py::TestLspOpenFileFailure::test_lsp_open_file_failure PASSED [ 39%]
tests/unit/indexer/test_indexer_base_types_lsp.py::TestMultipleBaseTypes::test_multiple_base_types PASSED [ 39%]
tests/unit/indexer/test_indexer_base_types_lsp.py::TestDeclaringTypeResolvedViaFileScope::test_declaring_type_resolved_from_same_file PASSED [ 40%]
tests/unit/indexer/test_indexer_base_types_lsp.py::TestDeclaringTypeResolvedViaFileScope::test_declaring_type_in_different_file_not_matched PASSED [ 40%]
tests/unit/indexer/test_java_attribute_extractor.py::test_single_annotation PASSED [ 40%]
tests/unit/indexer/test_java_attribute_extractor.py::test_multiple_annotations PASSED [ 40%]
tests/unit/indexer/test_java_attribute_extractor.py::test_annotation_with_arguments PASSED [ 40%]
tests/unit/indexer/test_java_attribute_extractor.py::test_modifier_abstract PASSED [ 40%]
tests/unit/indexer/test_java_attribute_extractor.py::test_modifier_static PASSED [ 40%]
tests/unit/indexer/test_java_attribute_extractor.py::test_modifier_synchronized PASSED [ 40%]
tests/unit/indexer/test_java_attribute_extractor.py::test_modifier_final PASSED [ 40%]
tests/unit/indexer/test_java_attribute_extractor.py::test_modifier_native PASSED [ 40%]
tests/unit/indexer/test_java_attribute_extractor.py::test_combined_annotation_and_modifier PASSED [ 40%]
tests/unit/indexer/test_java_attribute_extractor.py::test_no_attributes PASSED [ 40%]
tests/unit/indexer/test_java_attribute_extractor.py::test_empty_source PASSED [ 40%]
tests/unit/indexer/test_java_attribute_extractor.py::test_whitespace_source PASSED [ 40%]
tests/unit/indexer/test_java_base_type_extractor.py::test_single_inheritance PASSED [ 40%]
tests/unit/indexer/test_java_base_type_extractor.py::test_implements_interface PASSED [ 40%]
tests/unit/indexer/test_java_base_type_extractor.py::test_extends_and_implements PASSED [ 40%]
tests/unit/indexer/test_java_base_type_extractor.py::test_implements_multiple PASSED [ 40%]
tests/unit/indexer/test_java_base_type_extractor.py::test_interface_extends PASSED [ 41%]
tests/unit/indexer/test_java_base_type_extractor.py::test_interface_extends_multiple PASSED [ 41%]
tests/unit/indexer/test_java_base_type_extractor.py::test_extends_generic PASSED [ 41%]
tests/unit/indexer/test_java_base_type_extractor.py::test_implements_generic PASSED [ 41%]
tests/unit/indexer/test_java_base_type_extractor.py::test_no_inheritance PASSED [ 41%]
tests/unit/indexer/test_java_base_type_extractor.py::test_empty_source PASSED [ 41%]
tests/unit/indexer/test_java_base_type_extractor.py::test_whitespace_source PASSED [ 41%]
tests/unit/indexer/test_java_base_type_extractor.py::test_multiple_classes_in_file PASSED [ 41%]
tests/unit/indexer/test_java_base_type_extractor.py::test_extends_is_first_separate_from_implements PASSED [ 41%]
tests/unit/indexer/test_java_base_type_extractor.py::test_positions_are_integers PASSED [ 41%]
tests/unit/indexer/test_java_call_extractor.py::test_simple_method_call PASSED [ 41%]
tests/unit/indexer/test_java_call_extractor.py::test_chained_method_call PASSED [ 41%]
tests/unit/indexer/test_java_call_extractor.py::test_constructor_call PASSED [ 41%]
tests/unit/indexer/test_java_call_extractor.py::test_static_method_call PASSED [ 41%]
tests/unit/indexer/test_java_call_extractor.py::test_function_call_within_method PASSED [ 41%]
tests/unit/indexer/test_java_call_extractor.py::test_caller_full_name_is_set PASSED [ 41%]
tests/unit/indexer/test_java_call_extractor.py::test_no_calls PASSED     [ 41%]
tests/unit/indexer/test_java_call_extractor.py::test_empty_source PASSED [ 41%]
tests/unit/indexer/test_java_call_extractor.py::test_whitespace_source PASSED [ 42%]
tests/unit/indexer/test_java_call_extractor.py::test_call_line_is_1indexed PASSED [ 42%]
tests/unit/indexer/test_java_call_extractor.py::test_deduplicates_identical_entries PASSED [ 42%]
tests/unit/indexer/test_java_call_extractor.py::test_sites_seen_counts_calls PASSED [ 42%]
tests/unit/indexer/test_java_call_extractor.py::test_sites_seen_zero_for_empty_source PASSED [ 42%]
tests/unit/indexer/test_java_call_extractor.py::test_sites_seen_resets_per_extract_call PASSED [ 42%]
tests/unit/indexer/test_java_call_extractor.py::test_skips_field_initializer_call PASSED [ 42%]
tests/unit/indexer/test_java_call_extractor.py::test_skips_static_field_initializer PASSED [ 42%]
tests/unit/indexer/test_java_call_extractor.py::test_includes_constructor_body_calls PASSED [ 42%]
tests/unit/indexer/test_java_call_extractor.py::test_includes_lambda_body_calls PASSED [ 42%]
tests/unit/indexer/test_java_import_extractor.py::test_single_import PASSED [ 42%]
tests/unit/indexer/test_java_import_extractor.py::test_multiple_imports PASSED [ 42%]
tests/unit/indexer/test_java_import_extractor.py::test_wildcard_import PASSED [ 42%]
tests/unit/indexer/test_java_import_extractor.py::test_static_import PASSED [ 42%]
tests/unit/indexer/test_java_import_extractor.py::test_static_wildcard_import PASSED [ 42%]
tests/unit/indexer/test_java_import_extractor.py::test_no_imports PASSED [ 42%]
tests/unit/indexer/test_java_import_extractor.py::test_empty_source PASSED [ 42%]
tests/unit/indexer/test_java_import_extractor.py::test_whitespace_source PASSED [ 43%]
tests/unit/indexer/test_java_import_extractor.py::test_deduplicates_same_import PASSED [ 43%]
tests/unit/indexer/test_java_package_extraction.py::test_extract_java_package_scoped PASSED [ 43%]
tests/unit/indexer/test_java_package_extraction.py::test_extract_java_package_simple PASSED [ 43%]
tests/unit/indexer/test_java_package_extraction.py::test_extract_java_package_none PASSED [ 43%]
tests/unit/indexer/test_java_package_extraction.py::test_index_file_structure_wires_package_contains PASSED [ 43%]
tests/unit/indexer/test_java_package_extraction.py::test_index_file_structure_skips_package_for_non_java PASSED [ 43%]
tests/unit/indexer/test_java_type_ref_extractor.py::test_parameter_type PASSED [ 43%]
tests/unit/indexer/test_java_type_ref_extractor.py::test_multiple_parameter_types PASSED [ 43%]
tests/unit/indexer/test_java_type_ref_extractor.py::test_return_type PASSED [ 43%]
tests/unit/indexer/test_java_type_ref_extractor.py::test_field_type PASSED [ 43%]
tests/unit/indexer/test_java_type_ref_extractor.py::test_generic_type PASSED [ 43%]
tests/unit/indexer/test_java_type_ref_extractor.py::test_nested_generic_type PASSED [ 43%]
tests/unit/indexer/test_java_type_ref_extractor.py::test_skips_primitives PASSED [ 43%]
tests/unit/indexer/test_java_type_ref_extractor.py::test_skips_void PASSED [ 43%]
tests/unit/indexer/test_java_type_ref_extractor.py::test_skips_all_java_primitives PASSED [ 43%]
tests/unit/indexer/test_java_type_ref_extractor.py::test_local_variable_type PASSED [ 43%]
tests/unit/indexer/test_java_type_ref_extractor.py::test_array_type PASSED [ 43%]
tests/unit/indexer/test_java_type_ref_extractor.py::test_no_type_refs PASSED [ 44%]
tests/unit/indexer/test_java_type_ref_extractor.py::test_empty_source PASSED [ 44%]
tests/unit/indexer/test_java_type_ref_extractor.py::test_whitespace_source PASSED [ 44%]
tests/unit/indexer/test_java_type_ref_extractor.py::test_type_ref_has_correct_owner PASSED [ 44%]
tests/unit/indexer/test_method_implements_indexer.py::test_index_writes_edge_for_shared_method_name PASSED [ 44%]
tests/unit/indexer/test_method_implements_indexer.py::test_index_writes_no_edges_when_no_pairs PASSED [ 44%]
tests/unit/indexer/test_method_implements_indexer.py::test_index_writes_no_edges_when_no_matching_methods PASSED [ 44%]
tests/unit/indexer/test_method_implements_indexer.py::test_index_writes_multiple_edges_for_multiple_pairs PASSED [ 44%]
tests/unit/indexer/test_method_implements_indexer.py::test_index_writes_dispatches_to_for_abstract_base PASSED [ 44%]
tests/unit/indexer/test_method_implements_indexer.py::test_index_no_edges_for_abstract_base_no_matching_methods PASSED [ 44%]
tests/unit/indexer/test_method_implements_indexer.py::test_index_handles_both_interface_and_abstract_pairs PASSED [ 44%]
tests/unit/indexer/test_method_implements_indexer.py::test_transitive_implements_creates_edges PASSED [ 44%]
tests/unit/indexer/test_method_implements_indexer.py::test_protocol_dispatch_creates_edges PASSED [ 44%]
tests/unit/indexer/test_method_implements_indexer.py::test_protocol_dispatch_skips_csharp_interfaces PASSED [ 44%]
tests/unit/indexer/test_method_implements_indexer.py::test_protocol_dispatch_skips_java_interfaces PASSED [ 44%]
tests/unit/indexer/test_overrides_indexer.py::test_index_executes_inherits_traversal_query PASSED [ 44%]
tests/unit/indexer/test_overrides_indexer.py::test_index_creates_overrides_merge PASSED [ 44%]
tests/unit/indexer/test_overrides_indexer.py::test_index_excludes_self_overrides PASSED [ 44%]
tests/unit/indexer/test_overrides_indexer.py::test_index_matches_methods_by_name PASSED [ 45%]
tests/unit/indexer/test_overrides_indexer.py::test_index_queries_edge_count_and_returns_it PASSED [ 45%]
tests/unit/indexer/test_overrides_indexer.py::test_index_returns_zero_when_no_edges PASSED [ 45%]
tests/unit/indexer/test_parsed_file.py::test_parsed_file_holds_source_and_tree PASSED [ 45%]
tests/unit/indexer/test_parsed_file.py::test_parsed_file_is_frozen PASSED [ 45%]
tests/unit/indexer/test_parsed_file.py::test_python_plugin_parse_file PASSED [ 45%]
tests/unit/indexer/test_parsed_file.py::test_typescript_plugin_parse_file_ts PASSED [ 45%]
tests/unit/indexer/test_parsed_file.py::test_typescript_plugin_parse_file_tsx PASSED [ 45%]
tests/unit/indexer/test_parsed_file.py::test_java_plugin_parse_file PASSED [ 45%]
tests/unit/indexer/test_parsed_file.py::test_csharp_plugin_parse_file PASSED [ 45%]
tests/unit/indexer/test_python_assignment_extractor.py::test_extracts_self_field_call_assignment PASSED [ 45%]
tests/unit/indexer/test_python_assignment_extractor.py::test_extracts_attribute_call_assignment PASSED [ 45%]
tests/unit/indexer/test_python_assignment_extractor.py::test_skips_string_rhs PASSED [ 45%]
tests/unit/indexer/test_python_assignment_extractor.py::test_skips_list_rhs PASSED [ 45%]
[...]
tests/integration/test_mcp_tools_java.py::test_class_level_attributes_populated PASSED [ 88%]
tests/integration/test_mcp_tools_java.py::test_java_package_node_exists PASSED [ 91%]
tests/integration/test_mcp_tools_java.py::test_java_package_contains_edges PASSED [ 94%]
tests/integration/test_mcp_tools_java.py::test_java_no_anonymous_class_nodes PASSED [ 97%]
tests/integration/test_mcp_tools_java.py::test_java_imports_edges PASSED [100%]

=============================== warnings summary ===============================
tests/integration/test_mcp_tools_java.py: 10 warnings
  /Users/alex/Dev/synapse/.venv/lib/python3.11/site-packages/pathspec/pathspec.py:260: DeprecationWarning: GitWildMatchPattern ('gitwildmatch') is deprecated. Use 'gitignore' for GitIgnoreBasicPattern or GitIgnoreSpecPattern instead.
    patterns = [pattern_factory(line) for line in lines if line]

tests/integration/test_mcp_tools_java.py: 10 warnings
  /Users/alex/Dev/synapse/.venv/lib/python3.11/site-packages/pathspec/pattern.py:125: DeprecationWarning: GitWildMatchPattern ('gitwildmatch') is deprecated. Use 'gitignore' for GitIgnoreBasicPattern or GitIgnoreSpecPattern instead.
    regex, include = self.pattern_to_regex(pattern)

-- Docs: https://docs.pytest.org/en/stable/how-to/capture-warnings.html
======================= 35 passed, 20 warnings in 16.29s =======================
[0;32mPASSED: tests/integration/test_mcp_tools_java.py[0m

[1m--- tests/integration/test_cli_commands.py ---[0m
============================= test session starts ==============================
platform darwin -- Python 3.11.14, pytest-9.0.2, pluggy-1.6.0 -- /Users/alex/Dev/synapse/.venv/bin/python3
cachedir: .pytest_cache
rootdir: /Users/alex/Dev/synapse
configfile: pytest.ini
plugins: anyio-4.12.1, cov-7.1.0, timeout-2.4.0
timeout: 10.0s
timeout method: thread
timeout func_only: False
collecting ... collected 17 items

tests/integration/test_cli_commands.py::test_callees_controller_create PASSED [  5%]
tests/integration/test_cli_commands.py::test_callers_service_method PASSED [ 11%]
tests/integration/test_cli_commands.py::test_delete PASSED               [ 17%]
tests/integration/test_cli_commands.py::test_implementations PASSED      [ 23%]
tests/integration/test_cli_commands.py::test_usages PASSED               [ 29%]
tests/integration/test_cli_commands.py::test_hierarchy PASSED            [ 35%]
tests/integration/test_cli_commands.py::test_trace PASSED                [ 41%]
tests/integration/test_cli_commands.py::test_entry_points PASSED         [ 47%]
tests/integration/test_cli_commands.py::test_symbol PASSED               [ 52%]
tests/integration/test_cli_commands.py::test_source PASSED               [ 58%]
tests/integration/test_cli_commands.py::test_search PASSED               [ 64%]
tests/integration/test_cli_commands.py::test_search_language_filter PASSED [ 70%]
tests/integration/test_cli_commands.py::test_dependencies PASSED         [ 76%]
tests/integration/test_cli_commands.py::test_status PASSED               [ 82%]
tests/integration/test_cli_commands.py::test_query PASSED                [ 88%]
tests/integration/test_cli_commands.py::test_context PASSED              [ 94%]
tests/integration/test_cli_commands.py::test_summary_set_get_list PASSED [100%]

=============================== warnings summary ===============================
tests/integration/test_cli_commands.py::test_callees_controller_create
tests/integration/test_cli_commands.py::test_callees_controller_create
  /Users/alex/Dev/synapse/.venv/lib/python3.11/site-packages/pathspec/pathspec.py:260: DeprecationWarning: GitWildMatchPattern ('gitwildmatch') is deprecated. Use 'gitignore' for GitIgnoreBasicPattern or GitIgnoreSpecPattern instead.
    patterns = [pattern_factory(line) for line in lines if line]

tests/integration/test_cli_commands.py::test_callees_controller_create
tests/integration/test_cli_commands.py::test_callees_controller_create
  /Users/alex/Dev/synapse/.venv/lib/python3.11/site-packages/pathspec/pattern.py:125: DeprecationWarning: GitWildMatchPattern ('gitwildmatch') is deprecated. Use 'gitignore' for GitIgnoreBasicPattern or GitIgnoreSpecPattern instead.
    regex, include = self.pattern_to_regex(pattern)

-- Docs: https://docs.pytest.org/en/stable/how-to/capture-warnings.html
======================== 17 passed, 4 warnings in 4.55s ========================
[0;32mPASSED: tests/integration/test_cli_commands.py[0m

[1m--- tests/integration/test_cli_commands_python.py ---[0m
============================= test session starts ==============================
platform darwin -- Python 3.11.14, pytest-9.0.2, pluggy-1.6.0 -- /Users/alex/Dev/synapse/.venv/bin/python3
cachedir: .pytest_cache
rootdir: /Users/alex/Dev/synapse
configfile: pytest.ini
plugins: anyio-4.12.1, cov-7.1.0, timeout-2.4.0
timeout: 10.0s
timeout method: thread
timeout func_only: False
collecting ... collected 17 items

tests/integration/test_cli_commands_python.py::test_status PASSED        [  5%]
tests/integration/test_cli_commands_python.py::test_query PASSED         [ 11%]
tests/integration/test_cli_commands_python.py::test_delete PASSED        [ 17%]
tests/integration/test_cli_commands_python.py::test_symbol PASSED        [ 23%]
tests/integration/test_cli_commands_python.py::test_source PASSED        [ 29%]
tests/integration/test_cli_commands_python.py::test_search PASSED        [ 35%]
tests/integration/test_cli_commands_python.py::test_search_language_filter PASSED [ 41%]
tests/integration/test_cli_commands_python.py::test_callers PASSED       [ 47%]
tests/integration/test_cli_commands_python.py::test_callees PASSED       [ 52%]
tests/integration/test_cli_commands_python.py::test_implementations PASSED [ 58%]
tests/integration/test_cli_commands_python.py::test_hierarchy PASSED     [ 64%]
tests/integration/test_cli_commands_python.py::test_usages PASSED        [ 70%]
tests/integration/test_cli_commands_python.py::test_dependencies PASSED  [ 76%]
tests/integration/test_cli_commands_python.py::test_context PASSED       [ 82%]
tests/integration/test_cli_commands_python.py::test_trace PASSED         [ 88%]
tests/integration/test_cli_commands_python.py::test_entry_points PASSED  [ 94%]
tests/integration/test_cli_commands_python.py::test_summary_set_get_list PASSED [100%]

============================== 17 passed in 3.15s ==============================
[0;32mPASSED: tests/integration/test_cli_commands_python.py[0m

[1m--- tests/integration/test_cli_commands_typescript.py ---[0m
============================= test session starts ==============================
platform darwin -- Python 3.11.14, pytest-9.0.2, pluggy-1.6.0 -- /Users/alex/Dev/synapse/.venv/bin/python3
cachedir: .pytest_cache
rootdir: /Users/alex/Dev/synapse
configfile: pytest.ini
plugins: anyio-4.12.1, cov-7.1.0, timeout-2.4.0
timeout: 10.0s
timeout method: thread
timeout func_only: False
collecting ... collected 18 items

tests/integration/test_cli_commands_typescript.py::test_status PASSED    [  5%]
tests/integration/test_cli_commands_typescript.py::test_query PASSED     [ 11%]
tests/integration/test_cli_commands_typescript.py::test_delete PASSED    [ 16%]
tests/integration/test_cli_commands_typescript.py::test_symbol PASSED    [ 22%]
tests/integration/test_cli_commands_typescript.py::test_source PASSED    [ 27%]
tests/integration/test_cli_commands_typescript.py::test_search PASSED    [ 33%]
tests/integration/test_cli_commands_typescript.py::test_search_language_filter PASSED [ 38%]
tests/integration/test_cli_commands_typescript.py::test_hierarchy PASSED [ 44%]
tests/integration/test_cli_commands_typescript.py::test_implementations PASSED [ 50%]
tests/integration/test_cli_commands_typescript.py::test_callers PASSED   [ 55%]
tests/integration/test_cli_commands_typescript.py::test_callees PASSED   [ 61%]
tests/integration/test_cli_commands_typescript.py::test_usages PASSED    [ 66%]
tests/integration/test_cli_commands_typescript.py::test_dependencies PASSED [ 72%]
tests/integration/test_cli_commands_typescript.py::test_callers_abstract_class PASSED [ 77%]
tests/integration/test_cli_commands_typescript.py::test_context PASSED   [ 83%]
tests/integration/test_cli_commands_typescript.py::test_trace PASSED     [ 88%]
tests/integration/test_cli_commands_typescript.py::test_entry_points PASSED [ 94%]
tests/integration/test_cli_commands_typescript.py::test_summary_set_get_list PASSED [100%]

============================== 18 passed in 4.10s ==============================
[0;32mPASSED: tests/integration/test_cli_commands_typescript.py[0m

[1m--- tests/integration/test_cli_commands_java.py ---[0m
============================= test session starts ==============================
platform darwin -- Python 3.11.14, pytest-9.0.2, pluggy-1.6.0 -- /Users/alex/Dev/synapse/.venv/bin/python3
cachedir: .pytest_cache
rootdir: /Users/alex/Dev/synapse
configfile: pytest.ini
plugins: anyio-4.12.1, cov-7.1.0, timeout-2.4.0
timeout: 10.0s
timeout method: thread
timeout func_only: False
collecting ... collected 17 items

tests/integration/test_cli_commands_java.py::test_status PASSED          [  5%]
tests/integration/test_cli_commands_java.py::test_query PASSED           [ 11%]
tests/integration/test_cli_commands_java.py::test_delete PASSED          [ 17%]
tests/integration/test_cli_commands_java.py::test_symbol PASSED          [ 23%]
tests/integration/test_cli_commands_java.py::test_source PASSED          [ 29%]
tests/integration/test_cli_commands_java.py::test_search PASSED          [ 35%]
tests/integration/test_cli_commands_java.py::test_search_language_filter PASSED [ 41%]
tests/integration/test_cli_commands_java.py::test_hierarchy PASSED       [ 47%]
tests/integration/test_cli_commands_java.py::test_implementations PASSED [ 52%]
tests/integration/test_cli_commands_java.py::test_callers PASSED         [ 58%]
tests/integration/test_cli_commands_java.py::test_callees PASSED         [ 64%]
tests/integration/test_cli_commands_java.py::test_usages PASSED          [ 70%]
tests/integration/test_cli_commands_java.py::test_dependencies PASSED    [ 76%]
tests/integration/test_cli_commands_java.py::test_context PASSED         [ 82%]
tests/integration/test_cli_commands_java.py::test_trace PASSED           [ 88%]
tests/integration/test_cli_commands_java.py::test_entry_points PASSED    [ 94%]
tests/integration/test_cli_commands_java.py::test_summary_set_get_list PASSED [100%]

=============================== warnings summary ===============================
tests/integration/test_cli_commands_java.py::test_status
tests/integration/test_cli_commands_java.py::test_status
tests/integration/test_cli_commands_java.py::test_status
tests/integration/test_cli_commands_java.py::test_status
tests/integration/test_cli_commands_java.py::test_status
  /Users/alex/Dev/synapse/.venv/lib/python3.11/site-packages/pathspec/pathspec.py:260: DeprecationWarning: GitWildMatchPattern ('gitwildmatch') is deprecated. Use 'gitignore' for GitIgnoreBasicPattern or GitIgnoreSpecPattern instead.
    patterns = [pattern_factory(line) for line in lines if line]

tests/integration/test_cli_commands_java.py::test_status
tests/integration/test_cli_commands_java.py::test_status
tests/integration/test_cli_commands_java.py::test_status
tests/integration/test_cli_commands_java.py::test_status
tests/integration/test_cli_commands_java.py::test_status
  /Users/alex/Dev/synapse/.venv/lib/python3.11/site-packages/pathspec/pattern.py:125: DeprecationWarning: GitWildMatchPattern ('gitwildmatch') is deprecated. Use 'gitignore' for GitIgnoreBasicPattern or GitIgnoreSpecPattern instead.
    regex, include = self.pattern_to_regex(pattern)

-- Docs: https://docs.pytest.org/en/stable/how-to/capture-warnings.html
======================= 17 passed, 10 warnings in 8.55s ========================
[0;32mPASSED: tests/integration/test_cli_commands_java.py[0m

[1m--- tests/integration/test_http_endpoints.py ---[0m
============================= test session starts ==============================
platform darwin -- Python 3.11.14, pytest-9.0.2, pluggy-1.6.0 -- /Users/alex/Dev/synapse/.venv/bin/python3
cachedir: .pytest_cache
rootdir: /Users/alex/Dev/synapse
configfile: pytest.ini
plugins: anyio-4.12.1, cov-7.1.0, timeout-2.4.0
timeout: 10.0s
timeout method: thread
timeout func_only: False
collecting ... collected 12 items

tests/integration/test_http_endpoints.py::test_endpoint_nodes_created PASSED [  8%]
tests/integration/test_http_endpoints.py::test_serves_edges_created PASSED [ 16%]
tests/integration/test_http_endpoints.py::test_endpoint_contained_by_repository PASSED [ 25%]
tests/integration/test_http_endpoints.py::test_endpoint_name_formatted PASSED [ 33%]
tests/integration/test_http_endpoints.py::test_fastendpoints_endpoint_nodes PASSED [ 41%]
tests/integration/test_http_endpoints.py::test_fastendpoints_serves_edges PASSED [ 50%]
tests/integration/test_http_endpoints.py::test_fastendpoints_multi_declaration PASSED [ 58%]
tests/integration/test_http_endpoints.py::test_endpoint_group_nodes PASSED [ 66%]
tests/integration/test_http_endpoints.py::test_endpoint_group_base_class PASSED [ 75%]
tests/integration/test_http_endpoints.py::test_non_endpoint_class_produces_zero_endpoints PASSED [ 83%]
tests/integration/test_http_endpoints.py::test_minimal_api_endpoint_nodes PASSED [ 91%]
tests/integration/test_http_endpoints.py::test_minimal_api_no_iendpointgroup_duplicate FAILED [100%]

=================================== FAILURES ===================================
_________________ test_minimal_api_no_iendpointgroup_duplicate _________________

http_service = (<synapps.service.SynappsService object at 0x10dac9110>, <synapps.graph.connection.GraphConnection object at 0x10da9eb50>)

    @pytest.mark.timeout(10)
    def test_minimal_api_no_iendpointgroup_duplicate(http_service) -> None:
        """TodoItems IEndpointGroup endpoints are not duplicated by Minimal API detection."""
        _svc, conn = http_service
>       result = conn.query(
            "MATCH (ep:Endpoint) WHERE ep.route IN ['/', '/items/{id}'] "
            "RETURN ep.route, ep.http_method, count(ep) AS cnt "
            "ORDER BY ep.route, ep.http_method"
        )

tests/integration/test_http_endpoints.py:201: 
_ _ _ _ _ _ _ _ _ _ _ _ _ _ _ _ _ _ _ _ _ _ _ _ _ _ _ _ _ _ _ _ _ _ _ _ _ _ _ _ 
src/synapps/graph/connection.py:46: in query
    records, _, _ = self._driver.execute_query(
.venv/lib/python3.11/site-packages/neo4j/_sync/driver.py:946: in execute_query
    return session._run_transaction(
.venv/lib/python3.11/site-packages/neo4j/_sync/work/session.py:543: in _run_transaction
    result = transaction_function(tx, *args, **kwargs)
             ^^^^^^^^^^^^^^^^^^^^^^^^^^^^^^^^^^^^^^^^^
.venv/lib/python3.11/site-packages/neo4j/_sync/driver.py:1298: in _work
    res = tx.run(query, parameters)
          ^^^^^^^^^^^^^^^^^^^^^^^^^
.venv/lib/python3.11/site-packages/neo4j/_sync/work/transaction.py:201: in run
    result._tx_ready_run(query, parameters)
.venv/lib/python3.11/site-packages/neo4j/_sync/work/result.py:178: in _tx_ready_run
    self._run(query, parameters, None, None, None, None, None, None)
.venv/lib/python3.11/site-packages/neo4j/_sync/work/result.py:237: in _run
    self._attach()
.venv/lib/python3.11/site-packages/neo4j/_sync/work/result.py:439: in _attach
    self._connection.fetch_message()
.venv/lib/python3.11/site-packages/neo4j/_sync/io/_common.py:193: in inner
    func(*args, **kwargs)
.venv/lib/python3.11/site-packages/neo4j/_sync/io/_bolt.py:867: in fetch_message
    res = self._process_message(tag, fields)
          ^^^^^^^^^^^^^^^^^^^^^^^^^^^^^^^^^^
.venv/lib/python3.11/site-packages/neo4j/_sync/io/_bolt5.py:496: in _process_message
    response.on_failure(summary_metadata or {})
_ _ _ _ _ _ _ _ _ _ _ _ _ _ _ _ _ _ _ _ _ _ _ _ _ _ _ _ _ _ _ _ _ _ _ _ _ _ _ _ 

self = <neo4j._sync.io._common.Response object at 0x10ec2ce90>
metadata = {'code': 'Memgraph.ClientError.MemgraphError.MemgraphError', 'message': 'Unbound variable: ep.'}

    def on_failure(self, metadata):
        """Handle a FAILURE message been received."""
        with suppress(SessionExpired, ServiceUnavailable):
            self.connection.reset()
        handler = self.handlers.get("on_failure")
        Util.callback(handler, metadata)
        handler = self.handlers.get("on_summary")
        Util.callback(handler)
>       raise self._hydrate_error(metadata)
E       neo4j.exceptions.ClientError: {neo4j_code: Memgraph.ClientError.MemgraphError.MemgraphError} {message: Unbound variable: ep.} {gql_status: 50N42} {gql_status_description: error: general processing exception - unexpected error. Unbound variable: ep.}

.venv/lib/python3.11/site-packages/neo4j/_sync/io/_common.py:263: ClientError
=============================== warnings summary ===============================
tests/integration/test_http_endpoints.py::test_endpoint_nodes_created
tests/integration/test_http_endpoints.py::test_endpoint_nodes_created
  /Users/alex/Dev/synapse/.venv/lib/python3.11/site-packages/pathspec/pathspec.py:260: DeprecationWarning: GitWildMatchPattern ('gitwildmatch') is deprecated. Use 'gitignore' for GitIgnoreBasicPattern or GitIgnoreSpecPattern instead.
    patterns = [pattern_factory(line) for line in lines if line]

tests/integration/test_http_endpoints.py::test_endpoint_nodes_created
tests/integration/test_http_endpoints.py::test_endpoint_nodes_created
  /Users/alex/Dev/synapse/.venv/lib/python3.11/site-packages/pathspec/pattern.py:125: DeprecationWarning: GitWildMatchPattern ('gitwildmatch') is deprecated. Use 'gitignore' for GitIgnoreBasicPattern or GitIgnoreSpecPattern instead.
    regex, include = self.pattern_to_regex(pattern)

-- Docs: https://docs.pytest.org/en/stable/how-to/capture-warnings.html
=========================== short test summary info ============================
FAILED tests/integration/test_http_endpoints.py::test_minimal_api_no_iendpointgroup_duplicate
=================== 1 failed, 11 passed, 4 warnings in 4.59s ===================
[0;31mFAILED: tests/integration/test_http_endpoints.py[0m

[1m--- tests/integration/test_http_cross_language.py ---[0m
============================= test session starts ==============================
platform darwin -- Python 3.11.14, pytest-9.0.2, pluggy-1.6.0 -- /Users/alex/Dev/synapse/.venv/bin/python3
cachedir: .pytest_cache
rootdir: /Users/alex/Dev/synapse
configfile: pytest.ini
plugins: anyio-4.12.1, cov-7.1.0, timeout-2.4.0
timeout: 10.0s
timeout method: thread
timeout func_only: False
collecting ... collected 3 items / 3 deselected / 0 selected

============================ 3 deselected in 0.01s =============================
[0;31mFAILED: tests/integration/test_http_cross_language.py[0m

[1m--- tests/integration/test_cross_namespace_implements.py ---[0m
============================= test session starts ==============================
platform darwin -- Python 3.11.14, pytest-9.0.2, pluggy-1.6.0 -- /Users/alex/Dev/synapse/.venv/bin/python3
cachedir: .pytest_cache
rootdir: /Users/alex/Dev/synapse
configfile: pytest.ini
plugins: anyio-4.12.1, cov-7.1.0, timeout-2.4.0
timeout: 10.0s
timeout method: thread
timeout func_only: False
collecting ... collected 5 items

tests/integration/test_cross_namespace_implements.py::test_each_cache_implements_only_its_own_icache PASSED [ 20%]
tests/integration/test_cross_namespace_implements.py::test_no_cross_namespace_implements_edges PASSED [ 40%]
tests/integration/test_cross_namespace_implements.py::test_total_implements_edge_count PASSED [ 60%]
tests/integration/test_cross_namespace_implements.py::test_all_three_icache_interfaces_exist PASSED [ 80%]
tests/integration/test_cross_namespace_implements.py::test_all_three_cache_classes_exist PASSED [100%]

============================== 5 passed in 3.90s ===============================
[0;32mPASSED: tests/integration/test_cross_namespace_implements.py[0m

[0;31m[1mSome tests failed.[0m
